<?xml version="1.0" encoding="UTF-8"?>
<!-- Generated by org.testng.reporters.JUnitReportReporter -->
<testsuite skipped="0" hostname="DESKTOP-TIC5DM4" name="com.App.Testcases.testrunner" tests="1" failures="0" timestamp="2024-09-05T18:32:19 IST" time="27.625" errors="1">
  <testcase name="runScenario" time="27.625" classname="com.App.Testcases.testrunner">
    <error type="org.openqa.selenium.NoSuchElementException" message="Cannot locate an element using xpath=//label[@class=&#039;faefc93c6f c21e900fd3 c737ebb2b7&#039;]
For documentation on this error, please visit: https://www.seleniumhq.org/exceptions/no_such_element.html
Build info: version: &#039;3.141.59&#039;, revision: &#039;e82be7d358&#039;, time: &#039;2018-11-14T08:17:03&#039;
System info: host: &#039;DESKTOP-TIC5DM4&#039;, ip: &#039;172.20.0.59&#039;, os.name: &#039;Windows 10&#039;, os.arch: &#039;x86&#039;, os.version: &#039;10.0&#039;, java.version: &#039;1.8.0_411&#039;
Driver info: driver.version: RemoteWebDriver">
      <![CDATA[org.openqa.selenium.NoSuchElementException: Cannot locate an element using xpath=//label[@class='faefc93c6f c21e900fd3 c737ebb2b7']
For documentation on this error, please visit: https://www.seleniumhq.org/exceptions/no_such_element.html
Build info: version: '3.141.59', revision: 'e82be7d358', time: '2018-11-14T08:17:03'
System info: host: 'DESKTOP-TIC5DM4', ip: '172.20.0.59', os.name: 'Windows 10', os.arch: 'x86', os.version: '10.0', java.version: '1.8.0_411'
Driver info: driver.version: RemoteWebDriver
at org.openqa.selenium.remote.RemoteWebDriver.findElement(RemoteWebDriver.java:327)
at org.openqa.selenium.remote.RemoteWebDriver.findElementByXPath(RemoteWebDriver.java:428)
at org.openqa.selenium.By$ByXPath.findElement(By.java:353)
at org.openqa.selenium.remote.RemoteWebDriver.findElement(RemoteWebDriver.java:315)
at com.App.Testcases.filtersTestCase.i_filter_results_by(filtersTestCase.java:65)
at âœ½.I filter results by "Free Cancellation"(file:///C:/Users/Administrator/eclipse-workspace/BookingApplication/src/test/resources/features/filters.feature:5)
]]>
    </error>
  </testcase> <!-- runScenario -->
  <system-out/>
</testsuite> <!-- com.App.Testcases.testrunner -->
