<?xml version="1.0" encoding="UTF-8"?>
<testng-results skipped="0" failed="1" ignored="0" total="2" passed="1">
  <reporter-output>
  </reporter-output>
  <suite name="Suite" duration-ms="30868" started-at="2024-08-26T11:59:04 IST" finished-at="2024-08-26T11:59:35 IST">
    <groups>
      <group name="cucumber">
        <method signature="AbstractTestNGCucumberTests.runScenario(io.cucumber.testng.PickleWrapper, io.cucumber.testng.FeatureWrapper)[pri:0, instance:com.App.Testcases.testrunner@17b4f4c]" name="runScenario" class="io.cucumber.testng.AbstractTestNGCucumberTests"/>
      </group> <!-- cucumber -->
    </groups>
    <test name="Test" duration-ms="30868" started-at="2024-08-26T11:59:04 IST" finished-at="2024-08-26T11:59:35 IST">
      <class name="com.App.Testcases.testrunner">
        <test-method status="PASS" signature="setUpClass()[pri:0, instance:com.App.Testcases.testrunner@17b4f4c]" name="setUpClass" is-config="true" duration-ms="387" started-at="2024-08-26T11:59:04 IST" finished-at="2024-08-26T11:59:05 IST">
          <reporter-output>
          </reporter-output>
        </test-method> <!-- setUpClass -->
        <test-method status="PASS" signature="runScenario(io.cucumber.testng.PickleWrapper, io.cucumber.testng.FeatureWrapper)[pri:0, instance:com.App.Testcases.testrunner@17b4f4c]" name="runScenario" duration-ms="14182" started-at="2024-08-26T11:59:05 IST" description="Runs Cucumber Scenarios" data-provider="scenarios" finished-at="2024-08-26T11:59:19 IST">
          <params>
            <param index="0">
              <value>
                <![CDATA["Valid Login"]]>
              </value>
            </param>
            <param index="1">
              <value>
                <![CDATA["Optional[Checking login Functionality]"]]>
              </value>
            </param>
          </params>
          <reporter-output>
          </reporter-output>
        </test-method> <!-- runScenario -->
        <test-method status="FAIL" signature="runScenario(io.cucumber.testng.PickleWrapper, io.cucumber.testng.FeatureWrapper)[pri:0, instance:com.App.Testcases.testrunner@17b4f4c]" name="runScenario" duration-ms="16234" started-at="2024-08-26T11:59:19 IST" description="Runs Cucumber Scenarios" data-provider="scenarios" finished-at="2024-08-26T11:59:35 IST">
          <params>
            <param index="0">
              <value>
                <![CDATA["Invalid Login"]]>
              </value>
            </param>
            <param index="1">
              <value>
                <![CDATA["Optional[Checking login Functionality]"]]>
              </value>
            </param>
          </params>
          <exception class="java.lang.AssertionError">
            <message>
              <![CDATA[expected [https://demowebshop.tricentis.com/login] but found [https://demowebshop.tricentis.com/]]]>
            </message>
            <full-stacktrace>
              <![CDATA[java.lang.AssertionError: expected [https://demowebshop.tricentis.com/login] but found [https://demowebshop.tricentis.com/]
at org.testng.Assert.fail(Assert.java:97)
at org.testng.Assert.assertEqualsImpl(Assert.java:136)
at org.testng.Assert.assertEquals(Assert.java:118)
at org.testng.Assert.assertEquals(Assert.java:575)
at org.testng.Assert.assertEquals(Assert.java:585)
at com.App.Testcases.InvalidTest.he_enters_the_in_valid_details(InvalidTest.java:31)
at âœ½.he enters the in valid details(file:///C:/Users/Administrator/eclipse-workspace/CucumberDemoWeb/src/test/resources/features/back.feature:9)
]]>
            </full-stacktrace>
          </exception> <!-- java.lang.AssertionError -->
          <reporter-output>
          </reporter-output>
        </test-method> <!-- runScenario -->
        <test-method status="PASS" signature="tearDownClass()[pri:0, instance:com.App.Testcases.testrunner@17b4f4c]" name="tearDownClass" is-config="true" duration-ms="6" started-at="2024-08-26T11:59:35 IST" finished-at="2024-08-26T11:59:35 IST">
          <reporter-output>
          </reporter-output>
        </test-method> <!-- tearDownClass -->
      </class> <!-- com.App.Testcases.testrunner -->
    </test> <!-- Test -->
  </suite> <!-- Suite -->
</testng-results>
