{"uid":"13e328e0e0b3a534","name":"Runs Cucumber Scenarios","fullName":"io.cucumber.testng.AbstractTestNGCucumberTests.runScenario","historyId":"1761f6de57550b019a9025399d687be9","time":{"start":1725103137613,"stop":1725103138484,"duration":871},"status":"broken","statusMessage":"Cannot invoke \"com.relevantcodes.extentreports.ExtentTest.log(com.relevantcodes.extentreports.LogStatus, String)\" because \"com.App.Utilities.ReportGenerator.logger\" is null","statusTrace":"java.lang.NullPointerException: Cannot invoke \"com.relevantcodes.extentreports.ExtentTest.log(com.relevantcodes.extentreports.LogStatus, String)\" because \"com.App.Utilities.ReportGenerator.logger\" is null\r\n\tat com.App.Utilities.ReportGenerator.startTest(ReportGenerator.java:27)\r\n\tat com.App.Testcases.newLoginPageTestCase.user_on_the_Home_Page_for_Login(newLoginPageTestCase.java:30)\r\n\tat âœ½.user on the Home Page for Login(file:///C:/Users/Administrator/eclipse-workspace/BookingApplication/src/test/resources/features/BookingLogin.feature:4)\r\n","flaky":false,"newFailed":false,"newBroken":false,"newPassed":false,"retriesCount":165,"retriesStatusChange":true,"beforeStages":[],"afterStages":[],"labels":[{"name":"package","value":"com.App.Testcases.testrunner"},{"name":"testClass","value":"com.App.Testcases.testrunner"},{"name":"testMethod","value":"runScenario"},{"name":"parentSuite","value":"Suite"},{"name":"suite","value":"Test"},{"name":"subSuite","value":"com.App.Testcases.testrunner"},{"name":"host","value":"DESKTOP-TIC5DM4"},{"name":"thread","value":"90496@DESKTOP-TIC5DM4.main(1)"},{"name":"framework","value":"testng"},{"name":"language","value":"java"},{"name":"resultFormat","value":"allure2"}],"parameters":[{"name":"arg0","value":"\"login with valid crdentials\""},{"name":"arg1","value":"\"Optional[Login With multiple Data]\""}],"links":[],"hidden":false,"retry":false,"extra":{"severity":"normal","retries":[{"uid":"c3598cf16fc32e90","status":"broken","statusDetails":"Cannot invoke \"com.relevantcodes.extentreports.ExtentTest.log(com.relevantcodes.extentreports.LogStatus, String)\" because \"com.App.Utilities.ReportGenerator.logger\" is null","time":{"start":1725103135148,"stop":1725103137527,"duration":2379}},{"uid":"a1f7e9734cb9c7a3","status":"broken","statusDetails":"Cannot invoke \"com.relevantcodes.extentreports.ExtentTest.log(com.relevantcodes.extentreports.LogStatus, String)\" because \"com.App.Utilities.ReportGenerator.logger\" is null","time":{"start":1725102504956,"stop":1725102506017,"duration":1061}},{"uid":"905b4f94064d5d30","status":"broken","statusDetails":"Cannot invoke \"com.relevantcodes.extentreports.ExtentTest.log(com.relevantcodes.extentreports.LogStatus, String)\" because \"com.App.Utilities.ReportGenerator.logger\" is null","time":{"start":1725102502617,"stop":1725102504867,"duration":2250}},{"uid":"189acf5aaadc0578","status":"broken","statusDetails":"Expected condition failed: waiting for frame to be available: By.xpath: #KzsrYdvqdclpjSB (tried for 20 second(s) with 500 milliseconds interval)","time":{"start":1725099332588,"stop":1725099365899,"duration":33311}},{"uid":"f68cc98fe69dfecd","status":"broken","statusDetails":"Expected condition failed: waiting for frame to be available: By.xpath: #KzsrYdvqdclpjSB (tried for 20 second(s) with 500 milliseconds interval)","time":{"start":1725099086221,"stop":1725099118214,"duration":31993}},{"uid":"a81aca7f219853d","status":"broken","statusDetails":"Expected condition failed: waiting for frame to be available: By.xpath: #KzsrYdvqdclpjSB (tried for 20 second(s) with 500 milliseconds interval)","time":{"start":1725099020113,"stop":1725099052988,"duration":32875}},{"uid":"cc02e08e41d7621a","status":"broken","statusDetails":"Expected condition failed: waiting for frame to be available: By.xpath: #KzsrYdvqdclpjSB (tried for 20 second(s) with 500 milliseconds interval)","time":{"start":1725097823370,"stop":1725097856909,"duration":33539}},{"uid":"f1e584623f8ae201","status":"broken","statusDetails":"Expected condition failed: waiting for frame to be available: By.xpath: #KzsrYdvqdclpjSB (tried for 20 second(s) with 500 milliseconds interval)","time":{"start":1725097789794,"stop":1725097823264,"duration":33470}},{"uid":"5b6ea8c5613ec950","status":"broken","statusDetails":"Expected condition failed: waiting for frame to be available: By.xpath: #KzsrYdvqdclpjSB (tried for 20 second(s) with 500 milliseconds interval)","time":{"start":1725097598891,"stop":1725097631924,"duration":33033}},{"uid":"406a04e9381139c","status":"broken","statusDetails":"Expected condition failed: waiting for frame to be available: By.xpath: #KzsrYdvqdclpjSB (tried for 20 second(s) with 500 milliseconds interval)","time":{"start":1725097565290,"stop":1725097598796,"duration":33506}},{"uid":"bb5cf3f04a98fa66","status":"broken","statusDetails":"Expected condition failed: waiting for frame to be available: By.xpath: #KzsrYdvqdclpjSB (tried for 30 second(s) with 500 milliseconds interval)","time":{"start":1725094631619,"stop":1725094672752,"duration":41133}},{"uid":"6b164997558dd43c","status":"broken","statusDetails":"Expected condition failed: waiting for frame to be available: By.xpath: #KzsrYdvqdclpjSB (tried for 30 second(s) with 500 milliseconds interval)","time":{"start":1725094583959,"stop":1725094631526,"duration":47567}},{"uid":"4827e6bc3ff20e17","status":"broken","statusDetails":"Expected condition failed: waiting for frame to be available: By.xpath: #KzsrYdvqdclpjSB (tried for 30 second(s) with 500 milliseconds interval)","time":{"start":1725093217056,"stop":1725093258718,"duration":41662}},{"uid":"bf9a85260ff4b687","status":"broken","statusDetails":"Expected condition failed: waiting for frame to be available: By.xpath: #KzsrYdvqdclpjSB (tried for 30 second(s) with 500 milliseconds interval)","time":{"start":1725093171404,"stop":1725093216943,"duration":45539}},{"uid":"15001188761d3da8","status":"broken","statusDetails":"no such window: target window already closed\nfrom unknown error: web view not found\n  (Session info: chrome=128.0.6613.113)\nBuild info: version: '3.141.59', revision: 'e82be7d358', time: '2018-11-14T08:17:03'\nSystem info: host: 'DESKTOP-TIC5DM4', ip: '172.20.0.59', os.name: 'Windows 10', os.arch: 'amd64', os.version: '10.0', java.version: '22.0.1'\nDriver info: org.openqa.selenium.chrome.ChromeDriver\nCapabilities {acceptInsecureCerts: false, browserName: chrome, browserVersion: 128.0.6613.113, chrome: {chromedriverVersion: 127.0.6533.88 (a2d0cb026721..., userDataDir: C:\\Windows\\SystemTemp\\scope...}, fedcm:accounts: true, goog:chromeOptions: {debuggerAddress: localhost:59267}, javascriptEnabled: true, networkConnectionEnabled: false, pageLoadStrategy: normal, platform: WINDOWS, platformName: WINDOWS, proxy: Proxy(), setWindowRect: true, strictFileInteractability: false, timeouts: {implicit: 0, pageLoad: 300000, script: 30000}, unhandledPromptBehavior: dismiss and notify, webauthn:extension:credBlob: true, webauthn:extension:largeBlob: true, webauthn:extension:minPinLength: true, webauthn:extension:prf: true, webauthn:virtualAuthenticators: true}\nSession ID: 1edf0b11b479cd4e7d94ced36436fc74\n*** Element info: {Using=link text, value=Sign in}","time":{"start":1725074106099,"stop":1725074114738,"duration":8639}},{"uid":"d4b1748fc46ffed1","status":"broken","statusDetails":"no such window: target window already closed\nfrom unknown error: web view not found\n  (Session info: chrome=128.0.6613.113)\nBuild info: version: '3.141.59', revision: 'e82be7d358', time: '2018-11-14T08:17:03'\nSystem info: host: 'DESKTOP-TIC5DM4', ip: '172.20.0.59', os.name: 'Windows 10', os.arch: 'amd64', os.version: '10.0', java.version: '22.0.1'\nDriver info: org.openqa.selenium.chrome.ChromeDriver\nCapabilities {acceptInsecureCerts: false, browserName: chrome, browserVersion: 128.0.6613.113, chrome: {chromedriverVersion: 127.0.6533.88 (a2d0cb026721..., userDataDir: C:\\Windows\\SystemTemp\\scope...}, fedcm:accounts: true, goog:chromeOptions: {debuggerAddress: localhost:59127}, javascriptEnabled: true, networkConnectionEnabled: false, pageLoadStrategy: normal, platform: WINDOWS, platformName: WINDOWS, proxy: Proxy(), setWindowRect: true, strictFileInteractability: false, timeouts: {implicit: 0, pageLoad: 300000, script: 30000}, unhandledPromptBehavior: dismiss and notify, webauthn:extension:credBlob: true, webauthn:extension:largeBlob: true, webauthn:extension:minPinLength: true, webauthn:extension:prf: true, webauthn:virtualAuthenticators: true}\nSession ID: faa42d0435ee19c0e9930e407c0c082d\n*** Element info: {Using=xpath, value=//button[@type='submit']}","time":{"start":1725074085761,"stop":1725074105999,"duration":20238}},{"uid":"f9c2b6dede3ffd75","status":"broken","statusDetails":"Expected condition failed: waiting for frame to be available: By.xpath: #KzsrYdvqdclpjSB (tried for 30 second(s) with 500 milliseconds interval)","time":{"start":1725028399962,"stop":1725028450872,"duration":50910}},{"uid":"28733896c16b6066","status":"broken","statusDetails":"Expected condition failed: waiting for frame to be available: By.xpath: #KzsrYdvqdclpjSB (tried for 30 second(s) with 500 milliseconds interval)","time":{"start":1725028348136,"stop":1725028399839,"duration":51703}},{"uid":"555edd67244ec873","status":"broken","statusDetails":"Expected condition failed: waiting for frame to be available: By.xpath: #KzsrYdvqdclpjSB (tried for 10 second(s) with 500 milliseconds interval)","time":{"start":1725026551445,"stop":1725026582757,"duration":31312}},{"uid":"d372cb2a930a8f9c","status":"broken","statusDetails":"element click intercepted: Element <a data-testid=\"header-sign-in-button\" aria-label=\"Sign in\" href=\"https://account.booking.com/auth/oauth2?client_id=vO1Kblk7xX9tUn2cpZLS&amp;redirect_uri=https%3A%2F%2Fsecure.booking.com%2Flogin.html%3Fop%3Doauth_return&amp;response_type=code&amp;lang=en-gb&amp;aid=304142&amp;bkng_action=index&amp;prompt=signin&amp;state=UpoDU4cVqCjkpK30mt8grbhzbiB4ImCeZCYX0LOWkViSnjYsYghRtHxxDz3nGFKevyn_8YE1lNrdnEpqyZiLORLnSMVR2V_K0SgqF9xPHDuVJgQv0xaGWSstnYWj7hdDpG05nCvR1hxsZfNakF03BL0bHEW1_21aLEwpe7T_jGspalJ5_bfe9mlWcvDtamYYKOQoYmKIXin4Hjy247FuiZxk-WB1qGzEjUKLmjwTLIkVmR0yAeBnjm8CmXR58M6M4Capq-g7aWEFExjVMFRu5ERhOFcu5dzRQNe-rMOBNRmPfY0Q97MzP8zfxjvRnZWFNNUlnvBTWi5mO-1OPXAMxaCUjqoUY-qviQiGBJW7NaQV4XReLaWysmMfqcHclriHZA3bBtVvCIoCbWLaGfwO9DFSe9LBnRQyQiwabXZLkK8rPxAsE8FsRZ0ZuSBs5uH-lO9-BHvUtA7Hz2_zU8GPbkr3Z2yblS3r5okXOxcoxq5GGo-gkYs8ZB-B4XyL4-8SHF_w1gcEWRrhqHeNovumTRsfE0isYvhEhvWLPI8%3D*eyJpZCI6InRyYXZlbGxlcl9oZWFkZXIifQ%3D%3D\" class=\"dba1b3bddf e99c25fd33 ea757ee64b a86bcdb87f ea220f5cdc js-header-login-link\">...</a> is not clickable at point (951, 36). Other element would receive the click: <div class=\"ab5581ebb7\">...</div>\n  (Session info: chrome=128.0.6613.113)\nBuild info: version: '3.141.59', revision: 'e82be7d358', time: '2018-11-14T08:17:03'\nSystem info: host: 'DESKTOP-TIC5DM4', ip: '172.20.0.59', os.name: 'Windows 10', os.arch: 'amd64', os.version: '10.0', java.version: '22.0.1'\nDriver info: org.openqa.selenium.chrome.ChromeDriver\nCapabilities {acceptInsecureCerts: false, browserName: chrome, browserVersion: 128.0.6613.113, chrome: {chromedriverVersion: 127.0.6533.88 (a2d0cb026721..., userDataDir: C:\\Windows\\SystemTemp\\scope...}, fedcm:accounts: true, goog:chromeOptions: {debuggerAddress: localhost:49709}, javascriptEnabled: true, networkConnectionEnabled: false, pageLoadStrategy: normal, platform: WINDOWS, platformName: WINDOWS, proxy: Proxy(), setWindowRect: true, strictFileInteractability: false, timeouts: {implicit: 0, pageLoad: 300000, script: 30000}, unhandledPromptBehavior: dismiss and notify, webauthn:extension:credBlob: true, webauthn:extension:largeBlob: true, webauthn:extension:minPinLength: true, webauthn:extension:prf: true, webauthn:virtualAuthenticators: true}\nSession ID: 2a5eb546257145d2840c28d9fa7f10df","time":{"start":1725026541372,"stop":1725026551340,"duration":9968}},{"uid":"b7c0d6abb9850838","status":"broken","statusDetails":"Expected condition failed: waiting for frame to be available: By.xpath: //p[@id='KzsrYdvqdclpjSB'] (tried for 10 second(s) with 500 milliseconds interval)","time":{"start":1725026418777,"stop":1725026448300,"duration":29523}},{"uid":"1d892c849e7c376e","status":"broken","statusDetails":"Expected condition failed: waiting for frame to be available: By.xpath: //p[@id='KzsrYdvqdclpjSB'] (tried for 10 second(s) with 500 milliseconds interval)","time":{"start":1725026387778,"stop":1725026418639,"duration":30861}},{"uid":"5d17d38cfa14c5ce","status":"broken","statusDetails":"no such element: Unable to locate element: {\"method\":\"xpath\",\"selector\":\"//button[@aria-label='Dismiss sign in information.']\"}\n  (Session info: chrome=128.0.6613.113)\nFor documentation on this error, please visit: https://www.seleniumhq.org/exceptions/no_such_element.html\nBuild info: version: '3.141.59', revision: 'e82be7d358', time: '2018-11-14T08:17:03'\nSystem info: host: 'DESKTOP-TIC5DM4', ip: '172.20.0.59', os.name: 'Windows 10', os.arch: 'amd64', os.version: '10.0', java.version: '22.0.1'\nDriver info: org.openqa.selenium.chrome.ChromeDriver\nCapabilities {acceptInsecureCerts: false, browserName: chrome, browserVersion: 128.0.6613.113, chrome: {chromedriverVersion: 127.0.6533.88 (a2d0cb026721..., userDataDir: C:\\Windows\\SystemTemp\\scope...}, fedcm:accounts: true, goog:chromeOptions: {debuggerAddress: localhost:65510}, javascriptEnabled: true, networkConnectionEnabled: false, pageLoadStrategy: normal, platform: WINDOWS, platformName: WINDOWS, proxy: Proxy(), setWindowRect: true, strictFileInteractability: false, timeouts: {implicit: 0, pageLoad: 300000, script: 30000}, unhandledPromptBehavior: dismiss and notify, webauthn:extension:credBlob: true, webauthn:extension:largeBlob: true, webauthn:extension:minPinLength: true, webauthn:extension:prf: true, webauthn:virtualAuthenticators: true}\nSession ID: 8408d8f4d1ab2a00f399604016f7ef90\n*** Element info: {Using=xpath, value=//button[@aria-label='Dismiss sign in information.']}","time":{"start":1725026338970,"stop":1725026349735,"duration":10765}},{"uid":"8d30a02b850f6e","status":"broken","statusDetails":"no such element: Unable to locate element: {\"method\":\"xpath\",\"selector\":\"//button[@aria-label='Dismiss sign in information.']\"}\n  (Session info: chrome=128.0.6613.113)\nFor documentation on this error, please visit: https://www.seleniumhq.org/exceptions/no_such_element.html\nBuild info: version: '3.141.59', revision: 'e82be7d358', time: '2018-11-14T08:17:03'\nSystem info: host: 'DESKTOP-TIC5DM4', ip: '172.20.0.59', os.name: 'Windows 10', os.arch: 'amd64', os.version: '10.0', java.version: '22.0.1'\nDriver info: org.openqa.selenium.chrome.ChromeDriver\nCapabilities {acceptInsecureCerts: false, browserName: chrome, browserVersion: 128.0.6613.113, chrome: {chromedriverVersion: 127.0.6533.88 (a2d0cb026721..., userDataDir: C:\\Windows\\SystemTemp\\scope...}, fedcm:accounts: true, goog:chromeOptions: {debuggerAddress: localhost:65435}, javascriptEnabled: true, networkConnectionEnabled: false, pageLoadStrategy: normal, platform: WINDOWS, platformName: WINDOWS, proxy: Proxy(), setWindowRect: true, strictFileInteractability: false, timeouts: {implicit: 0, pageLoad: 300000, script: 30000}, unhandledPromptBehavior: dismiss and notify, webauthn:extension:credBlob: true, webauthn:extension:largeBlob: true, webauthn:extension:minPinLength: true, webauthn:extension:prf: true, webauthn:virtualAuthenticators: true}\nSession ID: 6ff4dba8e7fda4aa8694a1a6e9362cfa\n*** Element info: {Using=xpath, value=//button[@aria-label='Dismiss sign in information.']}","time":{"start":1725026327599,"stop":1725026338866,"duration":11267}},{"uid":"5b40c3d31d85e79a","status":"broken","statusDetails":"no such element: Unable to locate element: {\"method\":\"xpath\",\"selector\":\"//button[@aria-label='Dismiss sign in information.']\"}\n  (Session info: chrome=128.0.6613.113)\nFor documentation on this error, please visit: https://www.seleniumhq.org/exceptions/no_such_element.html\nBuild info: version: '3.141.59', revision: 'e82be7d358', time: '2018-11-14T08:17:03'\nSystem info: host: 'DESKTOP-TIC5DM4', ip: '172.20.0.59', os.name: 'Windows 10', os.arch: 'amd64', os.version: '10.0', java.version: '22.0.1'\nDriver info: org.openqa.selenium.chrome.ChromeDriver\nCapabilities {acceptInsecureCerts: false, browserName: chrome, browserVersion: 128.0.6613.113, chrome: {chromedriverVersion: 127.0.6533.88 (a2d0cb026721..., userDataDir: C:\\Windows\\SystemTemp\\scope...}, fedcm:accounts: true, goog:chromeOptions: {debuggerAddress: localhost:65285}, javascriptEnabled: true, networkConnectionEnabled: false, pageLoadStrategy: normal, platform: WINDOWS, platformName: WINDOWS, proxy: Proxy(), setWindowRect: true, strictFileInteractability: false, timeouts: {implicit: 0, pageLoad: 300000, script: 30000}, unhandledPromptBehavior: dismiss and notify, webauthn:extension:credBlob: true, webauthn:extension:largeBlob: true, webauthn:extension:minPinLength: true, webauthn:extension:prf: true, webauthn:virtualAuthenticators: true}\nSession ID: e1f012c26a906fe40ddb4c8102cf0cc3\n*** Element info: {Using=xpath, value=//button[@aria-label='Dismiss sign in information.']}","time":{"start":1725026276592,"stop":1725026288156,"duration":11564}},{"uid":"55bac179afd1773","status":"broken","statusDetails":"no such element: Unable to locate element: {\"method\":\"xpath\",\"selector\":\"//button[@aria-label='Dismiss sign in information.']\"}\n  (Session info: chrome=128.0.6613.113)\nFor documentation on this error, please visit: https://www.seleniumhq.org/exceptions/no_such_element.html\nBuild info: version: '3.141.59', revision: 'e82be7d358', time: '2018-11-14T08:17:03'\nSystem info: host: 'DESKTOP-TIC5DM4', ip: '172.20.0.59', os.name: 'Windows 10', os.arch: 'amd64', os.version: '10.0', java.version: '22.0.1'\nDriver info: org.openqa.selenium.chrome.ChromeDriver\nCapabilities {acceptInsecureCerts: false, browserName: chrome, browserVersion: 128.0.6613.113, chrome: {chromedriverVersion: 127.0.6533.88 (a2d0cb026721..., userDataDir: C:\\Windows\\SystemTemp\\scope...}, fedcm:accounts: true, goog:chromeOptions: {debuggerAddress: localhost:65213}, javascriptEnabled: true, networkConnectionEnabled: false, pageLoadStrategy: normal, platform: WINDOWS, platformName: WINDOWS, proxy: Proxy(), setWindowRect: true, strictFileInteractability: false, timeouts: {implicit: 0, pageLoad: 300000, script: 30000}, unhandledPromptBehavior: dismiss and notify, webauthn:extension:credBlob: true, webauthn:extension:largeBlob: true, webauthn:extension:minPinLength: true, webauthn:extension:prf: true, webauthn:virtualAuthenticators: true}\nSession ID: f0e632e028c94a435ee0857efeca24d1\n*** Element info: {Using=xpath, value=//button[@aria-label='Dismiss sign in information.']}","time":{"start":1725026267170,"stop":1725026276475,"duration":9305}},{"uid":"fec835d73411c8c1","status":"broken","statusDetails":"no such element: Unable to locate element: {\"method\":\"xpath\",\"selector\":\"//button[@aria-label='Dismiss sign in information.']\"}\n  (Session info: chrome=128.0.6613.113)\nFor documentation on this error, please visit: https://www.seleniumhq.org/exceptions/no_such_element.html\nBuild info: version: '3.141.59', revision: 'e82be7d358', time: '2018-11-14T08:17:03'\nSystem info: host: 'DESKTOP-TIC5DM4', ip: '172.20.0.59', os.name: 'Windows 10', os.arch: 'amd64', os.version: '10.0', java.version: '22.0.1'\nDriver info: org.openqa.selenium.chrome.ChromeDriver\nCapabilities {acceptInsecureCerts: false, browserName: chrome, browserVersion: 128.0.6613.113, chrome: {chromedriverVersion: 127.0.6533.88 (a2d0cb026721..., userDataDir: C:\\Windows\\SystemTemp\\scope...}, fedcm:accounts: true, goog:chromeOptions: {debuggerAddress: localhost:65084}, javascriptEnabled: true, networkConnectionEnabled: false, pageLoadStrategy: normal, platform: WINDOWS, platformName: WINDOWS, proxy: Proxy(), setWindowRect: true, strictFileInteractability: false, timeouts: {implicit: 0, pageLoad: 300000, script: 30000}, unhandledPromptBehavior: dismiss and notify, webauthn:extension:credBlob: true, webauthn:extension:largeBlob: true, webauthn:extension:minPinLength: true, webauthn:extension:prf: true, webauthn:virtualAuthenticators: true}\nSession ID: bcf78f61090627d0f4ace0ab622b3c4e\n*** Element info: {Using=xpath, value=//button[@aria-label='Dismiss sign in information.']}","time":{"start":1725026233361,"stop":1725026244013,"duration":10652}},{"uid":"46ba2269b312d605","status":"broken","statusDetails":"no such element: Unable to locate element: {\"method\":\"xpath\",\"selector\":\"//button[@aria-label='Dismiss sign in information.']\"}\n  (Session info: chrome=128.0.6613.113)\nFor documentation on this error, please visit: https://www.seleniumhq.org/exceptions/no_such_element.html\nBuild info: version: '3.141.59', revision: 'e82be7d358', time: '2018-11-14T08:17:03'\nSystem info: host: 'DESKTOP-TIC5DM4', ip: '172.20.0.59', os.name: 'Windows 10', os.arch: 'amd64', os.version: '10.0', java.version: '22.0.1'\nDriver info: org.openqa.selenium.chrome.ChromeDriver\nCapabilities {acceptInsecureCerts: false, browserName: chrome, browserVersion: 128.0.6613.113, chrome: {chromedriverVersion: 127.0.6533.88 (a2d0cb026721..., userDataDir: C:\\Windows\\SystemTemp\\scope...}, fedcm:accounts: true, goog:chromeOptions: {debuggerAddress: localhost:65002}, javascriptEnabled: true, networkConnectionEnabled: false, pageLoadStrategy: normal, platform: WINDOWS, platformName: WINDOWS, proxy: Proxy(), setWindowRect: true, strictFileInteractability: false, timeouts: {implicit: 0, pageLoad: 300000, script: 30000}, unhandledPromptBehavior: dismiss and notify, webauthn:extension:credBlob: true, webauthn:extension:largeBlob: true, webauthn:extension:minPinLength: true, webauthn:extension:prf: true, webauthn:virtualAuthenticators: true}\nSession ID: 94740aae2e1df998aebbe71f7db66957\n*** Element info: {Using=xpath, value=//button[@aria-label='Dismiss sign in information.']}","time":{"start":1725026221063,"stop":1725026233256,"duration":12193}},{"uid":"c8539ac822ecf4da","status":"broken","statusDetails":"no such element: Unable to locate element: {\"method\":\"xpath\",\"selector\":\"//button[@aria-label='Dismiss sign in information.']\"}\n  (Session info: chrome=128.0.6613.113)\nFor documentation on this error, please visit: https://www.seleniumhq.org/exceptions/no_such_element.html\nBuild info: version: '3.141.59', revision: 'e82be7d358', time: '2018-11-14T08:17:03'\nSystem info: host: 'DESKTOP-TIC5DM4', ip: '172.20.0.59', os.name: 'Windows 10', os.arch: 'amd64', os.version: '10.0', java.version: '22.0.1'\nDriver info: org.openqa.selenium.chrome.ChromeDriver\nCapabilities {acceptInsecureCerts: false, browserName: chrome, browserVersion: 128.0.6613.113, chrome: {chromedriverVersion: 127.0.6533.88 (a2d0cb026721..., userDataDir: C:\\Windows\\SystemTemp\\scope...}, fedcm:accounts: true, goog:chromeOptions: {debuggerAddress: localhost:64113}, javascriptEnabled: true, networkConnectionEnabled: false, pageLoadStrategy: normal, platform: WINDOWS, platformName: WINDOWS, proxy: Proxy(), setWindowRect: true, strictFileInteractability: false, timeouts: {implicit: 0, pageLoad: 300000, script: 30000}, unhandledPromptBehavior: dismiss and notify, webauthn:extension:credBlob: true, webauthn:extension:largeBlob: true, webauthn:extension:minPinLength: true, webauthn:extension:prf: true, webauthn:virtualAuthenticators: true}\nSession ID: 9011a65aa2deec54fec8e989329b6c5f\n*** Element info: {Using=xpath, value=//button[@aria-label='Dismiss sign in information.']}","time":{"start":1725025665873,"stop":1725025676161,"duration":10288}},{"uid":"af3b6a29c2146954","status":"broken","statusDetails":"no such element: Unable to locate element: {\"method\":\"css selector\",\"selector\":\"#QjvLeFknWplYJWG\"}\n  (Session info: chrome=128.0.6613.113)\nFor documentation on this error, please visit: https://www.seleniumhq.org/exceptions/no_such_element.html\nBuild info: version: '3.141.59', revision: 'e82be7d358', time: '2018-11-14T08:17:03'\nSystem info: host: 'DESKTOP-TIC5DM4', ip: '172.20.0.59', os.name: 'Windows 10', os.arch: 'amd64', os.version: '10.0', java.version: '22.0.1'\nDriver info: org.openqa.selenium.chrome.ChromeDriver\nCapabilities {acceptInsecureCerts: false, browserName: chrome, browserVersion: 128.0.6613.113, chrome: {chromedriverVersion: 127.0.6533.88 (a2d0cb026721..., userDataDir: C:\\Windows\\SystemTemp\\scope...}, fedcm:accounts: true, goog:chromeOptions: {debuggerAddress: localhost:63993}, javascriptEnabled: true, networkConnectionEnabled: false, pageLoadStrategy: normal, platform: WINDOWS, platformName: WINDOWS, proxy: Proxy(), setWindowRect: true, strictFileInteractability: false, timeouts: {implicit: 0, pageLoad: 300000, script: 30000}, unhandledPromptBehavior: dismiss and notify, webauthn:extension:credBlob: true, webauthn:extension:largeBlob: true, webauthn:extension:minPinLength: true, webauthn:extension:prf: true, webauthn:virtualAuthenticators: true}\nSession ID: e210aff923fecb0e61ed5d81b3e25b33\n*** Element info: {Using=id, value=QjvLeFknWplYJWG}","time":{"start":1725025637705,"stop":1725025665754,"duration":28049}},{"uid":"5bd5c8e74efd3cf6","status":"broken","statusDetails":"no such element: Unable to locate element: {\"method\":\"css selector\",\"selector\":\"#QjvLeFknWplYJWG\"}\n  (Session info: chrome=128.0.6613.113)\nFor documentation on this error, please visit: https://www.seleniumhq.org/exceptions/no_such_element.html\nBuild info: version: '3.141.59', revision: 'e82be7d358', time: '2018-11-14T08:17:03'\nSystem info: host: 'DESKTOP-TIC5DM4', ip: '172.20.0.59', os.name: 'Windows 10', os.arch: 'amd64', os.version: '10.0', java.version: '22.0.1'\nDriver info: org.openqa.selenium.chrome.ChromeDriver\nCapabilities {acceptInsecureCerts: false, browserName: chrome, browserVersion: 128.0.6613.113, chrome: {chromedriverVersion: 127.0.6533.88 (a2d0cb026721..., userDataDir: C:\\Windows\\SystemTemp\\scope...}, fedcm:accounts: true, goog:chromeOptions: {debuggerAddress: localhost:63783}, javascriptEnabled: true, networkConnectionEnabled: false, pageLoadStrategy: normal, platform: WINDOWS, platformName: WINDOWS, proxy: Proxy(), setWindowRect: true, strictFileInteractability: false, timeouts: {implicit: 0, pageLoad: 300000, script: 30000}, unhandledPromptBehavior: dismiss and notify, webauthn:extension:credBlob: true, webauthn:extension:largeBlob: true, webauthn:extension:minPinLength: true, webauthn:extension:prf: true, webauthn:virtualAuthenticators: true}\nSession ID: 0383561b6bb0b402413b829019c47398\n*** Element info: {Using=id, value=QjvLeFknWplYJWG}","time":{"start":1725025555572,"stop":1725025582829,"duration":27257}},{"uid":"b707fe8bd8d535d9","status":"broken","statusDetails":"no such element: Unable to locate element: {\"method\":\"xpath\",\"selector\":\"//button[@aria-label='Dismiss sign in information.']\"}\n  (Session info: chrome=128.0.6613.113)\nFor documentation on this error, please visit: https://www.seleniumhq.org/exceptions/no_such_element.html\nBuild info: version: '3.141.59', revision: 'e82be7d358', time: '2018-11-14T08:17:03'\nSystem info: host: 'DESKTOP-TIC5DM4', ip: '172.20.0.59', os.name: 'Windows 10', os.arch: 'amd64', os.version: '10.0', java.version: '22.0.1'\nDriver info: org.openqa.selenium.chrome.ChromeDriver\nCapabilities {acceptInsecureCerts: false, browserName: chrome, browserVersion: 128.0.6613.113, chrome: {chromedriverVersion: 127.0.6533.88 (a2d0cb026721..., userDataDir: C:\\Windows\\SystemTemp\\scope...}, fedcm:accounts: true, goog:chromeOptions: {debuggerAddress: localhost:63705}, javascriptEnabled: true, networkConnectionEnabled: false, pageLoadStrategy: normal, platform: WINDOWS, platformName: WINDOWS, proxy: Proxy(), setWindowRect: true, strictFileInteractability: false, timeouts: {implicit: 0, pageLoad: 300000, script: 30000}, unhandledPromptBehavior: dismiss and notify, webauthn:extension:credBlob: true, webauthn:extension:largeBlob: true, webauthn:extension:minPinLength: true, webauthn:extension:prf: true, webauthn:virtualAuthenticators: true}\nSession ID: 6790a712be971233948d02c483505d04\n*** Element info: {Using=xpath, value=//button[@aria-label='Dismiss sign in information.']}","time":{"start":1725025544234,"stop":1725025555446,"duration":11212}},{"uid":"ab5c88ba70984b6b","status":"broken","statusDetails":"no such element: Unable to locate element: {\"method\":\"xpath\",\"selector\":\"//button[@aria-label='Dismiss sign in information.']\"}\n  (Session info: chrome=128.0.6613.113)\nFor documentation on this error, please visit: https://www.seleniumhq.org/exceptions/no_such_element.html\nBuild info: version: '3.141.59', revision: 'e82be7d358', time: '2018-11-14T08:17:03'\nSystem info: host: 'DESKTOP-TIC5DM4', ip: '172.20.0.59', os.name: 'Windows 10', os.arch: 'amd64', os.version: '10.0', java.version: '22.0.1'\nDriver info: org.openqa.selenium.chrome.ChromeDriver\nCapabilities {acceptInsecureCerts: false, browserName: chrome, browserVersion: 128.0.6613.113, chrome: {chromedriverVersion: 127.0.6533.88 (a2d0cb026721..., userDataDir: C:\\Windows\\SystemTemp\\scope...}, fedcm:accounts: true, goog:chromeOptions: {debuggerAddress: localhost:63597}, javascriptEnabled: true, networkConnectionEnabled: false, pageLoadStrategy: normal, platform: WINDOWS, platformName: WINDOWS, proxy: Proxy(), setWindowRect: true, strictFileInteractability: false, timeouts: {implicit: 0, pageLoad: 300000, script: 30000}, unhandledPromptBehavior: dismiss and notify, webauthn:extension:credBlob: true, webauthn:extension:largeBlob: true, webauthn:extension:minPinLength: true, webauthn:extension:prf: true, webauthn:virtualAuthenticators: true}\nSession ID: 8b899dfc4333f2f236ab2e00e550c285\n*** Element info: {Using=xpath, value=//button[@aria-label='Dismiss sign in information.']}","time":{"start":1725025500910,"stop":1725025510654,"duration":9744}},{"uid":"f3e7b6a0784f31ed","status":"broken","statusDetails":"no such element: Unable to locate element: {\"method\":\"xpath\",\"selector\":\"//button[@aria-label='Dismiss sign in information.']\"}\n  (Session info: chrome=128.0.6613.113)\nFor documentation on this error, please visit: https://www.seleniumhq.org/exceptions/no_such_element.html\nBuild info: version: '3.141.59', revision: 'e82be7d358', time: '2018-11-14T08:17:03'\nSystem info: host: 'DESKTOP-TIC5DM4', ip: '172.20.0.59', os.name: 'Windows 10', os.arch: 'amd64', os.version: '10.0', java.version: '22.0.1'\nDriver info: org.openqa.selenium.chrome.ChromeDriver\nCapabilities {acceptInsecureCerts: false, browserName: chrome, browserVersion: 128.0.6613.113, chrome: {chromedriverVersion: 127.0.6533.88 (a2d0cb026721..., userDataDir: C:\\Windows\\SystemTemp\\scope...}, fedcm:accounts: true, goog:chromeOptions: {debuggerAddress: localhost:63528}, javascriptEnabled: true, networkConnectionEnabled: false, pageLoadStrategy: normal, platform: WINDOWS, platformName: WINDOWS, proxy: Proxy(), setWindowRect: true, strictFileInteractability: false, timeouts: {implicit: 0, pageLoad: 300000, script: 30000}, unhandledPromptBehavior: dismiss and notify, webauthn:extension:credBlob: true, webauthn:extension:largeBlob: true, webauthn:extension:minPinLength: true, webauthn:extension:prf: true, webauthn:virtualAuthenticators: true}\nSession ID: 648be2747d2a443229f5b09e8dd93f9d\n*** Element info: {Using=xpath, value=//button[@aria-label='Dismiss sign in information.']}","time":{"start":1725025493077,"stop":1725025500812,"duration":7735}},{"uid":"4b97010063161d0c","status":"broken","statusDetails":"Expected condition failed: waiting for frame to be available: By.id: QjvLeFknWplYJWG (tried for 10 second(s) with 500 milliseconds interval)","time":{"start":1725024957672,"stop":1725024998428,"duration":40756}},{"uid":"5f86ad3f11d4987d","status":"broken","statusDetails":"Expected condition failed: waiting for frame to be available: By.id: QjvLeFknWplYJWG (tried for 10 second(s) with 500 milliseconds interval)","time":{"start":1725024915918,"stop":1725024957464,"duration":41546}},{"uid":"7a51f58b1553bfed","status":"broken","statusDetails":"Expected condition failed: waiting for frame to be available: By.id: QjvLeFknWplYJWG (tried for 10 second(s) with 500 milliseconds interval)","time":{"start":1725023550923,"stop":1725023590843,"duration":39920}},{"uid":"9027f1adad37771b","status":"broken","statusDetails":"Expected condition failed: waiting for frame to be available: By.id: QjvLeFknWplYJWG (tried for 10 second(s) with 500 milliseconds interval)","time":{"start":1725023508637,"stop":1725023550814,"duration":42177}},{"uid":"fb8b61b1ed47ba8b","status":"broken","statusDetails":"Expected condition failed: waiting for frame to be available: By.id: QjvLeFknWplYJWG (tried for 10 second(s) with 500 milliseconds interval)","time":{"start":1725021512155,"stop":1725021553032,"duration":40877}},{"uid":"8ec2c35ffd730e2c","status":"broken","statusDetails":"Expected condition failed: waiting for frame to be available: By.id: QjvLeFknWplYJWG (tried for 10 second(s) with 500 milliseconds interval)","time":{"start":1725021472917,"stop":1725021512056,"duration":39139}},{"uid":"bc8efc951dfdf136","status":"broken","statusDetails":"no such element: Unable to locate element: {\"method\":\"xpath\",\"selector\":\"//button[@aria-label='Dismiss sign in information.']\"}\n  (Session info: chrome=128.0.6613.113)\nFor documentation on this error, please visit: https://www.seleniumhq.org/exceptions/no_such_element.html\nBuild info: version: '3.141.59', revision: 'e82be7d358', time: '2018-11-14T08:17:03'\nSystem info: host: 'DESKTOP-TIC5DM4', ip: '172.20.0.59', os.name: 'Windows 10', os.arch: 'amd64', os.version: '10.0', java.version: '22.0.1'\nDriver info: org.openqa.selenium.chrome.ChromeDriver\nCapabilities {acceptInsecureCerts: false, browserName: chrome, browserVersion: 128.0.6613.113, chrome: {chromedriverVersion: 127.0.6533.88 (a2d0cb026721..., userDataDir: C:\\Windows\\SystemTemp\\scope...}, fedcm:accounts: true, goog:chromeOptions: {debuggerAddress: localhost:60449}, javascriptEnabled: true, networkConnectionEnabled: false, pageLoadStrategy: normal, platform: WINDOWS, platformName: WINDOWS, proxy: Proxy(), setWindowRect: true, strictFileInteractability: false, timeouts: {implicit: 0, pageLoad: 300000, script: 30000}, unhandledPromptBehavior: dismiss and notify, webauthn:extension:credBlob: true, webauthn:extension:largeBlob: true, webauthn:extension:minPinLength: true, webauthn:extension:prf: true, webauthn:virtualAuthenticators: true}\nSession ID: 762ee57b9d6d102f13ed923fbfb1d2aa\n*** Element info: {Using=xpath, value=//button[@aria-label='Dismiss sign in information.']}","time":{"start":1725021299714,"stop":1725021304669,"duration":4955}},{"uid":"e6d572d345efdd8d","status":"broken","statusDetails":"no such element: Unable to locate element: {\"method\":\"xpath\",\"selector\":\"//button[@aria-label='Dismiss sign in information.']\"}\n  (Session info: chrome=128.0.6613.113)\nFor documentation on this error, please visit: https://www.seleniumhq.org/exceptions/no_such_element.html\nBuild info: version: '3.141.59', revision: 'e82be7d358', time: '2018-11-14T08:17:03'\nSystem info: host: 'DESKTOP-TIC5DM4', ip: '172.20.0.59', os.name: 'Windows 10', os.arch: 'amd64', os.version: '10.0', java.version: '22.0.1'\nDriver info: org.openqa.selenium.chrome.ChromeDriver\nCapabilities {acceptInsecureCerts: false, browserName: chrome, browserVersion: 128.0.6613.113, chrome: {chromedriverVersion: 127.0.6533.88 (a2d0cb026721..., userDataDir: C:\\Windows\\SystemTemp\\scope...}, fedcm:accounts: true, goog:chromeOptions: {debuggerAddress: localhost:60403}, javascriptEnabled: true, networkConnectionEnabled: false, pageLoadStrategy: normal, platform: WINDOWS, platformName: WINDOWS, proxy: Proxy(), setWindowRect: true, strictFileInteractability: false, timeouts: {implicit: 0, pageLoad: 300000, script: 30000}, unhandledPromptBehavior: dismiss and notify, webauthn:extension:credBlob: true, webauthn:extension:largeBlob: true, webauthn:extension:minPinLength: true, webauthn:extension:prf: true, webauthn:virtualAuthenticators: true}\nSession ID: 117ee5d45562643f136b3e1303c79691\n*** Element info: {Using=xpath, value=//button[@aria-label='Dismiss sign in information.']}","time":{"start":1725021293562,"stop":1725021299600,"duration":6038}},{"uid":"56d9ae56869f4ff1","status":"broken","statusDetails":"no such element: Unable to locate element: {\"method\":\"xpath\",\"selector\":\"//button[@aria-label='Dismiss sign in information.']\"}\n  (Session info: chrome=128.0.6613.113)\nFor documentation on this error, please visit: https://www.seleniumhq.org/exceptions/no_such_element.html\nBuild info: version: '3.141.59', revision: 'e82be7d358', time: '2018-11-14T08:17:03'\nSystem info: host: 'DESKTOP-TIC5DM4', ip: '172.20.0.59', os.name: 'Windows 10', os.arch: 'amd64', os.version: '10.0', java.version: '22.0.1'\nDriver info: org.openqa.selenium.chrome.ChromeDriver\nCapabilities {acceptInsecureCerts: false, browserName: chrome, browserVersion: 128.0.6613.113, chrome: {chromedriverVersion: 127.0.6533.88 (a2d0cb026721..., userDataDir: C:\\Windows\\SystemTemp\\scope...}, fedcm:accounts: true, goog:chromeOptions: {debuggerAddress: localhost:60271}, javascriptEnabled: true, networkConnectionEnabled: false, pageLoadStrategy: normal, platform: WINDOWS, platformName: WINDOWS, proxy: Proxy(), setWindowRect: true, strictFileInteractability: false, timeouts: {implicit: 0, pageLoad: 300000, script: 30000}, unhandledPromptBehavior: dismiss and notify, webauthn:extension:credBlob: true, webauthn:extension:largeBlob: true, webauthn:extension:minPinLength: true, webauthn:extension:prf: true, webauthn:virtualAuthenticators: true}\nSession ID: 1b66d5a07f29da403870b6fd109634d9\n*** Element info: {Using=xpath, value=//button[@aria-label='Dismiss sign in information.']}","time":{"start":1725021224951,"stop":1725021229535,"duration":4584}},{"uid":"7139b0cfd42528fb","status":"broken","statusDetails":"no such element: Unable to locate element: {\"method\":\"xpath\",\"selector\":\"//button[@aria-label='Dismiss sign in information.']\"}\n  (Session info: chrome=128.0.6613.113)\nFor documentation on this error, please visit: https://www.seleniumhq.org/exceptions/no_such_element.html\nBuild info: version: '3.141.59', revision: 'e82be7d358', time: '2018-11-14T08:17:03'\nSystem info: host: 'DESKTOP-TIC5DM4', ip: '172.20.0.59', os.name: 'Windows 10', os.arch: 'amd64', os.version: '10.0', java.version: '22.0.1'\nDriver info: org.openqa.selenium.chrome.ChromeDriver\nCapabilities {acceptInsecureCerts: false, browserName: chrome, browserVersion: 128.0.6613.113, chrome: {chromedriverVersion: 127.0.6533.88 (a2d0cb026721..., userDataDir: C:\\Windows\\SystemTemp\\scope...}, fedcm:accounts: true, goog:chromeOptions: {debuggerAddress: localhost:60219}, javascriptEnabled: true, networkConnectionEnabled: false, pageLoadStrategy: normal, platform: WINDOWS, platformName: WINDOWS, proxy: Proxy(), setWindowRect: true, strictFileInteractability: false, timeouts: {implicit: 0, pageLoad: 300000, script: 30000}, unhandledPromptBehavior: dismiss and notify, webauthn:extension:credBlob: true, webauthn:extension:largeBlob: true, webauthn:extension:minPinLength: true, webauthn:extension:prf: true, webauthn:virtualAuthenticators: true}\nSession ID: 690af317168504f6641376b69ea5c224\n*** Element info: {Using=xpath, value=//button[@aria-label='Dismiss sign in information.']}","time":{"start":1725021219854,"stop":1725021224735,"duration":4881}},{"uid":"d29c9c270695f487","status":"broken","statusDetails":"Expected condition failed: waiting for frame to be available: By.id: QjvLeFknWplYJWG (tried for 10 second(s) with 500 milliseconds interval)","time":{"start":1724946115773,"stop":1724946151926,"duration":36153}},{"uid":"578e8426bf7d3b1e","status":"broken","statusDetails":"Expected condition failed: waiting for frame to be available: By.id: QjvLeFknWplYJWG (tried for 10 second(s) with 500 milliseconds interval)","time":{"start":1724946075148,"stop":1724946115657,"duration":40509}},{"uid":"716cfb3d4b471964","status":"broken","statusDetails":"Expected condition failed: waiting for frame to be available: By.id: QjvLeFknWplYJWG (tried for 10 second(s) with 500 milliseconds interval)","time":{"start":1724945958307,"stop":1724945993841,"duration":35534}},{"uid":"8e3ca61e0c413033","status":"broken","statusDetails":"stale element reference: stale element not found in the current frame\n  (Session info: chrome=128.0.6613.113)\nFor documentation on this error, please visit: https://www.seleniumhq.org/exceptions/stale_element_reference.html\nBuild info: version: '3.141.59', revision: 'e82be7d358', time: '2018-11-14T08:17:03'\nSystem info: host: 'DESKTOP-TIC5DM4', ip: '172.20.0.59', os.name: 'Windows 10', os.arch: 'amd64', os.version: '10.0', java.version: '22.0.1'\nDriver info: org.openqa.selenium.chrome.ChromeDriver\nCapabilities {acceptInsecureCerts: false, browserName: chrome, browserVersion: 128.0.6613.113, chrome: {chromedriverVersion: 127.0.6533.88 (a2d0cb026721..., userDataDir: C:\\Windows\\SystemTemp\\scope...}, fedcm:accounts: true, goog:chromeOptions: {debuggerAddress: localhost:64944}, javascriptEnabled: true, networkConnectionEnabled: false, pageLoadStrategy: normal, platform: WINDOWS, platformName: WINDOWS, proxy: Proxy(), setWindowRect: true, strictFileInteractability: false, timeouts: {implicit: 0, pageLoad: 300000, script: 30000}, unhandledPromptBehavior: dismiss and notify, webauthn:extension:credBlob: true, webauthn:extension:largeBlob: true, webauthn:extension:minPinLength: true, webauthn:extension:prf: true, webauthn:virtualAuthenticators: true}\nSession ID: 18def8c69531353d7582031ba341e54a","time":{"start":1724945951597,"stop":1724945958070,"duration":6473}},{"uid":"68395d81a94c3044","status":"broken","statusDetails":"stale element reference: stale element not found in the current frame\n  (Session info: chrome=128.0.6613.113)\nFor documentation on this error, please visit: https://www.seleniumhq.org/exceptions/stale_element_reference.html\nBuild info: version: '3.141.59', revision: 'e82be7d358', time: '2018-11-14T08:17:03'\nSystem info: host: 'DESKTOP-TIC5DM4', ip: '172.20.0.59', os.name: 'Windows 10', os.arch: 'amd64', os.version: '10.0', java.version: '22.0.1'\nDriver info: org.openqa.selenium.chrome.ChromeDriver\nCapabilities {acceptInsecureCerts: false, browserName: chrome, browserVersion: 128.0.6613.113, chrome: {chromedriverVersion: 127.0.6533.88 (a2d0cb026721..., userDataDir: C:\\Windows\\SystemTemp\\scope...}, fedcm:accounts: true, goog:chromeOptions: {debuggerAddress: localhost:63887}, javascriptEnabled: true, networkConnectionEnabled: false, pageLoadStrategy: normal, platform: WINDOWS, platformName: WINDOWS, proxy: Proxy(), setWindowRect: true, strictFileInteractability: false, timeouts: {implicit: 0, pageLoad: 300000, script: 30000}, unhandledPromptBehavior: dismiss and notify, webauthn:extension:credBlob: true, webauthn:extension:largeBlob: true, webauthn:extension:minPinLength: true, webauthn:extension:prf: true, webauthn:virtualAuthenticators: true}\nSession ID: f76e4c42a0c1f2f7044eaa492d13efe5","time":{"start":1724945469366,"stop":1724945474378,"duration":5012}},{"uid":"a7879b3b7cdfb2d0","status":"broken","statusDetails":"No frame element found by name or id QjvLeFknWplYJWG\nBuild info: version: '3.141.59', revision: 'e82be7d358', time: '2018-11-14T08:17:03'\nSystem info: host: 'DESKTOP-TIC5DM4', ip: '172.20.0.59', os.name: 'Windows 10', os.arch: 'amd64', os.version: '10.0', java.version: '22.0.1'\nDriver info: driver.version: unknown","time":{"start":1724945443080,"stop":1724945469230,"duration":26150}},{"uid":"391c04f259195319","status":"broken","statusDetails":"stale element reference: stale element not found in the current frame\n  (Session info: chrome=128.0.6613.113)\nFor documentation on this error, please visit: https://www.seleniumhq.org/exceptions/stale_element_reference.html\nBuild info: version: '3.141.59', revision: 'e82be7d358', time: '2018-11-14T08:17:03'\nSystem info: host: 'DESKTOP-TIC5DM4', ip: '172.20.0.59', os.name: 'Windows 10', os.arch: 'amd64', os.version: '10.0', java.version: '22.0.1'\nDriver info: org.openqa.selenium.chrome.ChromeDriver\nCapabilities {acceptInsecureCerts: false, browserName: chrome, browserVersion: 128.0.6613.113, chrome: {chromedriverVersion: 127.0.6533.88 (a2d0cb026721..., userDataDir: C:\\Windows\\SystemTemp\\scope...}, fedcm:accounts: true, goog:chromeOptions: {debuggerAddress: localhost:63624}, javascriptEnabled: true, networkConnectionEnabled: false, pageLoadStrategy: normal, platform: WINDOWS, platformName: WINDOWS, proxy: Proxy(), setWindowRect: true, strictFileInteractability: false, timeouts: {implicit: 0, pageLoad: 300000, script: 30000}, unhandledPromptBehavior: dismiss and notify, webauthn:extension:credBlob: true, webauthn:extension:largeBlob: true, webauthn:extension:minPinLength: true, webauthn:extension:prf: true, webauthn:virtualAuthenticators: true}\nSession ID: 7c68b2666a9310c3ef327fbf60f13ea5","time":{"start":1724945415804,"stop":1724945422900,"duration":7096}},{"uid":"2522e88226570a89","status":"broken","statusDetails":"element click intercepted: Element <a data-testid=\"header-sign-in-button\" aria-label=\"Sign in\" href=\"https://account.booking.com/auth/oauth2?client_id=vO1Kblk7xX9tUn2cpZLS&amp;redirect_uri=https%3A%2F%2Fsecure.booking.com%2Flogin.html%3Fop%3Doauth_return&amp;response_type=code&amp;lang=en-gb&amp;aid=304142&amp;bkng_action=index&amp;prompt=signin&amp;state=UpoDtFQWoPKSTkttol5k209cvZiMabKSTbZQJ69fq040OPOcw1sJIWX2ne0gNEUI-RLcIxGBx-WjY2ISWrFoYh8PSOrpq9QwNNSBkgz7-WDnIem5dEn7sZkp_sKJgijcIxxwH-_BDHzh0WZfsYqxP-QRTQAHLHDSlxI04Qe00lCAFYI66OTtgXrktlx_j2YgBL87gnlAHwnSOkZgJExPWaJSvlFbK-sgEuHJ73UAMLvaBP3xIntcsbEb43fXU3SSOV66NCI593eDceLHbwlVraDM15Y2EtMoPJlVFOUPCwaPqYKZvGnuuLkReRhrVhLodbD4SD-oWezicRnjQPQLPJ7SaHCPRyTOvwBGct6TpvZyVqhixZKg9jcjtONOtwc4gP9Eu8aCCInZ8tv2Qy6kpRPpxOEK8n6GD8xqd6M5xe-7m3BJsejQ0eLgdg4ZjUbmZIV0zNFrzAUbWHZieksM7ZQrDoI6XOBKBtheT1OXWdxuhkV5oAKKKFo6ipl0YM1NNr9wWivQRyYHa6s9GKFmysqvDikPlSOLIz8oeF4%3D*eyJpZCI6InRyYXZlbGxlcl9oZWFkZXIifQ%3D%3D\" class=\"dba1b3bddf e99c25fd33 ea757ee64b a86bcdb87f ea220f5cdc js-header-login-link\">...</a> is not clickable at point (951, 36). Other element would receive the click: <div class=\"ab5581ebb7\">...</div>\n  (Session info: chrome=128.0.6613.113)\nBuild info: version: '3.141.59', revision: 'e82be7d358', time: '2018-11-14T08:17:03'\nSystem info: host: 'DESKTOP-TIC5DM4', ip: '172.20.0.59', os.name: 'Windows 10', os.arch: 'amd64', os.version: '10.0', java.version: '22.0.1'\nDriver info: org.openqa.selenium.chrome.ChromeDriver\nCapabilities {acceptInsecureCerts: false, browserName: chrome, browserVersion: 128.0.6613.113, chrome: {chromedriverVersion: 127.0.6533.88 (a2d0cb026721..., userDataDir: C:\\Windows\\SystemTemp\\scope...}, fedcm:accounts: true, goog:chromeOptions: {debuggerAddress: localhost:63544}, javascriptEnabled: true, networkConnectionEnabled: false, pageLoadStrategy: normal, platform: WINDOWS, platformName: WINDOWS, proxy: Proxy(), setWindowRect: true, strictFileInteractability: false, timeouts: {implicit: 0, pageLoad: 300000, script: 30000}, unhandledPromptBehavior: dismiss and notify, webauthn:extension:credBlob: true, webauthn:extension:largeBlob: true, webauthn:extension:minPinLength: true, webauthn:extension:prf: true, webauthn:virtualAuthenticators: true}\nSession ID: f0c55d518fab579f59cfb10942c557a5","time":{"start":1724945406265,"stop":1724945415684,"duration":9419}},{"uid":"fd2fa6da38be1cf1","status":"broken","statusDetails":"stale element reference: stale element not found in the current frame\n  (Session info: chrome=128.0.6613.113)\nFor documentation on this error, please visit: https://www.seleniumhq.org/exceptions/stale_element_reference.html\nBuild info: version: '3.141.59', revision: 'e82be7d358', time: '2018-11-14T08:17:03'\nSystem info: host: 'DESKTOP-TIC5DM4', ip: '172.20.0.59', os.name: 'Windows 10', os.arch: 'amd64', os.version: '10.0', java.version: '22.0.1'\nDriver info: org.openqa.selenium.chrome.ChromeDriver\nCapabilities {acceptInsecureCerts: false, browserName: chrome, browserVersion: 128.0.6613.113, chrome: {chromedriverVersion: 127.0.6533.88 (a2d0cb026721..., userDataDir: C:\\Windows\\SystemTemp\\scope...}, fedcm:accounts: true, goog:chromeOptions: {debuggerAddress: localhost:63427}, javascriptEnabled: true, networkConnectionEnabled: false, pageLoadStrategy: normal, platform: WINDOWS, platformName: WINDOWS, proxy: Proxy(), setWindowRect: true, strictFileInteractability: false, timeouts: {implicit: 0, pageLoad: 300000, script: 30000}, unhandledPromptBehavior: dismiss and notify, webauthn:extension:credBlob: true, webauthn:extension:largeBlob: true, webauthn:extension:minPinLength: true, webauthn:extension:prf: true, webauthn:virtualAuthenticators: true}\nSession ID: 4d4b0910ee9f978f10dbe1a5f6b9b6db","time":{"start":1724945358019,"stop":1724945363348,"duration":5329}},{"uid":"4dcb26930dc6cf6d","status":"broken","statusDetails":"No frame element found by name or id QjvLeFknWplYJWG\nBuild info: version: '3.141.59', revision: 'e82be7d358', time: '2018-11-14T08:17:03'\nSystem info: host: 'DESKTOP-TIC5DM4', ip: '172.20.0.59', os.name: 'Windows 10', os.arch: 'amd64', os.version: '10.0', java.version: '22.0.1'\nDriver info: driver.version: unknown","time":{"start":1724945332758,"stop":1724945357891,"duration":25133}},{"uid":"6addc641aebba329","status":"broken","statusDetails":"stale element reference: stale element not found in the current frame\n  (Session info: chrome=128.0.6613.113)\nFor documentation on this error, please visit: https://www.seleniumhq.org/exceptions/stale_element_reference.html\nBuild info: version: '3.141.59', revision: 'e82be7d358', time: '2018-11-14T08:17:03'\nSystem info: host: 'DESKTOP-TIC5DM4', ip: '172.20.0.59', os.name: 'Windows 10', os.arch: 'amd64', os.version: '10.0', java.version: '22.0.1'\nDriver info: org.openqa.selenium.chrome.ChromeDriver\nCapabilities {acceptInsecureCerts: false, browserName: chrome, browserVersion: 128.0.6613.113, chrome: {chromedriverVersion: 127.0.6533.88 (a2d0cb026721..., userDataDir: C:\\Windows\\SystemTemp\\scope...}, fedcm:accounts: true, goog:chromeOptions: {debuggerAddress: localhost:63159}, javascriptEnabled: true, networkConnectionEnabled: false, pageLoadStrategy: normal, platform: WINDOWS, platformName: WINDOWS, proxy: Proxy(), setWindowRect: true, strictFileInteractability: false, timeouts: {implicit: 0, pageLoad: 300000, script: 30000}, unhandledPromptBehavior: dismiss and notify, webauthn:extension:credBlob: true, webauthn:extension:largeBlob: true, webauthn:extension:minPinLength: true, webauthn:extension:prf: true, webauthn:virtualAuthenticators: true}\nSession ID: 4020eabbe7761ed1437b2a1f3c741a67","time":{"start":1724945306239,"stop":1724945312653,"duration":6414}},{"uid":"24d8a1da2b2d02c4","status":"broken","statusDetails":"stale element reference: stale element not found in the current frame\n  (Session info: chrome=128.0.6613.113)\nFor documentation on this error, please visit: https://www.seleniumhq.org/exceptions/stale_element_reference.html\nBuild info: version: '3.141.59', revision: 'e82be7d358', time: '2018-11-14T08:17:03'\nSystem info: host: 'DESKTOP-TIC5DM4', ip: '172.20.0.59', os.name: 'Windows 10', os.arch: 'amd64', os.version: '10.0', java.version: '22.0.1'\nDriver info: org.openqa.selenium.chrome.ChromeDriver\nCapabilities {acceptInsecureCerts: false, browserName: chrome, browserVersion: 128.0.6613.113, chrome: {chromedriverVersion: 127.0.6533.88 (a2d0cb026721..., userDataDir: C:\\Windows\\SystemTemp\\scope...}, fedcm:accounts: true, goog:chromeOptions: {debuggerAddress: localhost:63091}, javascriptEnabled: true, networkConnectionEnabled: false, pageLoadStrategy: normal, platform: WINDOWS, platformName: WINDOWS, proxy: Proxy(), setWindowRect: true, strictFileInteractability: false, timeouts: {implicit: 0, pageLoad: 300000, script: 30000}, unhandledPromptBehavior: dismiss and notify, webauthn:extension:credBlob: true, webauthn:extension:largeBlob: true, webauthn:extension:minPinLength: true, webauthn:extension:prf: true, webauthn:virtualAuthenticators: true}\nSession ID: dec427fa74f63c04e0affdac54de5857","time":{"start":1724945298975,"stop":1724945305990,"duration":7015}},{"uid":"7d308f46fd55b043","status":"broken","statusDetails":"no such element: Unable to locate element: {\"method\":\"css selector\",\"selector\":\"#RycXZyDiGsTXWtv\"}\n  (Session info: chrome=128.0.6613.113)\nFor documentation on this error, please visit: https://www.seleniumhq.org/exceptions/no_such_element.html\nBuild info: version: '3.141.59', revision: 'e82be7d358', time: '2018-11-14T08:17:03'\nSystem info: host: 'DESKTOP-TIC5DM4', ip: '172.20.0.59', os.name: 'Windows 10', os.arch: 'amd64', os.version: '10.0', java.version: '22.0.1'\nDriver info: org.openqa.selenium.chrome.ChromeDriver\nCapabilities {acceptInsecureCerts: false, browserName: chrome, browserVersion: 128.0.6613.113, chrome: {chromedriverVersion: 127.0.6533.88 (a2d0cb026721..., userDataDir: C:\\Windows\\SystemTemp\\scope...}, fedcm:accounts: true, goog:chromeOptions: {debuggerAddress: localhost:62642}, javascriptEnabled: true, networkConnectionEnabled: false, pageLoadStrategy: normal, platform: WINDOWS, platformName: WINDOWS, proxy: Proxy(), setWindowRect: true, strictFileInteractability: false, timeouts: {implicit: 0, pageLoad: 300000, script: 30000}, unhandledPromptBehavior: dismiss and notify, webauthn:extension:credBlob: true, webauthn:extension:largeBlob: true, webauthn:extension:minPinLength: true, webauthn:extension:prf: true, webauthn:virtualAuthenticators: true}\nSession ID: a144ac09bd75917fd3c75be86c7efbdb\n*** Element info: {Using=id, value=RycXZyDiGsTXWtv}","time":{"start":1724944726058,"stop":1724944749029,"duration":22971}},{"uid":"5c403d12879470c1","status":"broken","statusDetails":"no such element: Unable to locate element: {\"method\":\"css selector\",\"selector\":\"#RycXZyDiGsTXWtv\"}\n  (Session info: chrome=128.0.6613.113)\nFor documentation on this error, please visit: https://www.seleniumhq.org/exceptions/no_such_element.html\nBuild info: version: '3.141.59', revision: 'e82be7d358', time: '2018-11-14T08:17:03'\nSystem info: host: 'DESKTOP-TIC5DM4', ip: '172.20.0.59', os.name: 'Windows 10', os.arch: 'amd64', os.version: '10.0', java.version: '22.0.1'\nDriver info: org.openqa.selenium.chrome.ChromeDriver\nCapabilities {acceptInsecureCerts: false, browserName: chrome, browserVersion: 128.0.6613.113, chrome: {chromedriverVersion: 127.0.6533.88 (a2d0cb026721..., userDataDir: C:\\Windows\\SystemTemp\\scope...}, fedcm:accounts: true, goog:chromeOptions: {debuggerAddress: localhost:62546}, javascriptEnabled: true, networkConnectionEnabled: false, pageLoadStrategy: normal, platform: WINDOWS, platformName: WINDOWS, proxy: Proxy(), setWindowRect: true, strictFileInteractability: false, timeouts: {implicit: 0, pageLoad: 300000, script: 30000}, unhandledPromptBehavior: dismiss and notify, webauthn:extension:credBlob: true, webauthn:extension:largeBlob: true, webauthn:extension:minPinLength: true, webauthn:extension:prf: true, webauthn:virtualAuthenticators: true}\nSession ID: f81ba7675c714497c9534e56c7deaab7\n*** Element info: {Using=id, value=RycXZyDiGsTXWtv}","time":{"start":1724944701059,"stop":1724944725938,"duration":24879}},{"uid":"fdd4ca3736fb774e","status":"broken","statusDetails":"no such element: Unable to locate element: {\"method\":\"css selector\",\"selector\":\"#RycXZyDiGsTXWtv\"}\n  (Session info: chrome=128.0.6613.113)\nFor documentation on this error, please visit: https://www.seleniumhq.org/exceptions/no_such_element.html\nBuild info: version: '3.141.59', revision: 'e82be7d358', time: '2018-11-14T08:17:03'\nSystem info: host: 'DESKTOP-TIC5DM4', ip: '172.20.0.59', os.name: 'Windows 10', os.arch: 'amd64', os.version: '10.0', java.version: '22.0.1'\nDriver info: org.openqa.selenium.chrome.ChromeDriver\nCapabilities {acceptInsecureCerts: false, browserName: chrome, browserVersion: 128.0.6613.113, chrome: {chromedriverVersion: 127.0.6533.88 (a2d0cb026721..., userDataDir: C:\\Windows\\SystemTemp\\scope...}, fedcm:accounts: true, goog:chromeOptions: {debuggerAddress: localhost:62451}, javascriptEnabled: true, networkConnectionEnabled: false, pageLoadStrategy: normal, platform: WINDOWS, platformName: WINDOWS, proxy: Proxy(), setWindowRect: true, strictFileInteractability: false, timeouts: {implicit: 0, pageLoad: 300000, script: 30000}, unhandledPromptBehavior: dismiss and notify, webauthn:extension:credBlob: true, webauthn:extension:largeBlob: true, webauthn:extension:minPinLength: true, webauthn:extension:prf: true, webauthn:virtualAuthenticators: true}\nSession ID: 987ad89e9747b1add91d3d1855667c93\n*** Element info: {Using=id, value=RycXZyDiGsTXWtv}","time":{"start":1724944653935,"stop":1724944677199,"duration":23264}},{"uid":"a0af510830dc78a0","status":"broken","statusDetails":"stale element reference: stale element not found in the current frame\n  (Session info: chrome=128.0.6613.113)\nFor documentation on this error, please visit: https://www.seleniumhq.org/exceptions/stale_element_reference.html\nBuild info: version: '3.141.59', revision: 'e82be7d358', time: '2018-11-14T08:17:03'\nSystem info: host: 'DESKTOP-TIC5DM4', ip: '172.20.0.59', os.name: 'Windows 10', os.arch: 'amd64', os.version: '10.0', java.version: '22.0.1'\nDriver info: org.openqa.selenium.chrome.ChromeDriver\nCapabilities {acceptInsecureCerts: false, browserName: chrome, browserVersion: 128.0.6613.113, chrome: {chromedriverVersion: 127.0.6533.88 (a2d0cb026721..., userDataDir: C:\\Windows\\SystemTemp\\scope...}, fedcm:accounts: true, goog:chromeOptions: {debuggerAddress: localhost:62391}, javascriptEnabled: true, networkConnectionEnabled: false, pageLoadStrategy: normal, platform: WINDOWS, platformName: WINDOWS, proxy: Proxy(), setWindowRect: true, strictFileInteractability: false, timeouts: {implicit: 0, pageLoad: 300000, script: 30000}, unhandledPromptBehavior: dismiss and notify, webauthn:extension:credBlob: true, webauthn:extension:largeBlob: true, webauthn:extension:minPinLength: true, webauthn:extension:prf: true, webauthn:virtualAuthenticators: true}\nSession ID: a2215ac7e1434263b967a4f612e69188","time":{"start":1724944647605,"stop":1724944653748,"duration":6143}},{"uid":"b8b3df85eb0f0ecf","status":"broken","statusDetails":"stale element reference: stale element not found in the current frame\n  (Session info: chrome=128.0.6613.113)\nFor documentation on this error, please visit: https://www.seleniumhq.org/exceptions/stale_element_reference.html\nBuild info: version: '3.141.59', revision: 'e82be7d358', time: '2018-11-14T08:17:03'\nSystem info: host: 'DESKTOP-TIC5DM4', ip: '172.20.0.59', os.name: 'Windows 10', os.arch: 'amd64', os.version: '10.0', java.version: '22.0.1'\nDriver info: org.openqa.selenium.chrome.ChromeDriver\nCapabilities {acceptInsecureCerts: false, browserName: chrome, browserVersion: 128.0.6613.113, chrome: {chromedriverVersion: 127.0.6533.88 (a2d0cb026721..., userDataDir: C:\\Windows\\SystemTemp\\scope...}, fedcm:accounts: true, goog:chromeOptions: {debuggerAddress: localhost:62324}, javascriptEnabled: true, networkConnectionEnabled: false, pageLoadStrategy: normal, platform: WINDOWS, platformName: WINDOWS, proxy: Proxy(), setWindowRect: true, strictFileInteractability: false, timeouts: {implicit: 0, pageLoad: 300000, script: 30000}, unhandledPromptBehavior: dismiss and notify, webauthn:extension:credBlob: true, webauthn:extension:largeBlob: true, webauthn:extension:minPinLength: true, webauthn:extension:prf: true, webauthn:virtualAuthenticators: true}\nSession ID: 7d6a3810e014f444a3d6de4f5a0d188d","time":{"start":1724944621386,"stop":1724944626715,"duration":5329}},{"uid":"b5ed23d42aa2501c","status":"broken","statusDetails":"stale element reference: stale element not found in the current frame\n  (Session info: chrome=128.0.6613.113)\nFor documentation on this error, please visit: https://www.seleniumhq.org/exceptions/stale_element_reference.html\nBuild info: version: '3.141.59', revision: 'e82be7d358', time: '2018-11-14T08:17:03'\nSystem info: host: 'DESKTOP-TIC5DM4', ip: '172.20.0.59', os.name: 'Windows 10', os.arch: 'amd64', os.version: '10.0', java.version: '22.0.1'\nDriver info: org.openqa.selenium.chrome.ChromeDriver\nCapabilities {acceptInsecureCerts: false, browserName: chrome, browserVersion: 128.0.6613.113, chrome: {chromedriverVersion: 127.0.6533.88 (a2d0cb026721..., userDataDir: C:\\Windows\\SystemTemp\\scope...}, fedcm:accounts: true, goog:chromeOptions: {debuggerAddress: localhost:62263}, javascriptEnabled: true, networkConnectionEnabled: false, pageLoadStrategy: normal, platform: WINDOWS, platformName: WINDOWS, proxy: Proxy(), setWindowRect: true, strictFileInteractability: false, timeouts: {implicit: 0, pageLoad: 300000, script: 30000}, unhandledPromptBehavior: dismiss and notify, webauthn:extension:credBlob: true, webauthn:extension:largeBlob: true, webauthn:extension:minPinLength: true, webauthn:extension:prf: true, webauthn:virtualAuthenticators: true}\nSession ID: f4c60879116d46742aaad704fd5063b7","time":{"start":1724944615303,"stop":1724944621265,"duration":5962}},{"uid":"236909655703a85f","status":"broken","statusDetails":"no such element: Unable to locate element: {\"method\":\"css selector\",\"selector\":\"#RycXZyDiGsTXWtv\"}\n  (Session info: chrome=128.0.6613.113)\nFor documentation on this error, please visit: https://www.seleniumhq.org/exceptions/no_such_element.html\nBuild info: version: '3.141.59', revision: 'e82be7d358', time: '2018-11-14T08:17:03'\nSystem info: host: 'DESKTOP-TIC5DM4', ip: '172.20.0.59', os.name: 'Windows 10', os.arch: 'amd64', os.version: '10.0', java.version: '22.0.1'\nDriver info: org.openqa.selenium.chrome.ChromeDriver\nCapabilities {acceptInsecureCerts: false, browserName: chrome, browserVersion: 128.0.6613.113, chrome: {chromedriverVersion: 127.0.6533.88 (a2d0cb026721..., userDataDir: C:\\Windows\\SystemTemp\\scope...}, fedcm:accounts: true, goog:chromeOptions: {debuggerAddress: localhost:62000}, javascriptEnabled: true, networkConnectionEnabled: false, pageLoadStrategy: normal, platform: WINDOWS, platformName: WINDOWS, proxy: Proxy(), setWindowRect: true, strictFileInteractability: false, timeouts: {implicit: 0, pageLoad: 300000, script: 30000}, unhandledPromptBehavior: dismiss and notify, webauthn:extension:credBlob: true, webauthn:extension:largeBlob: true, webauthn:extension:minPinLength: true, webauthn:extension:prf: true, webauthn:virtualAuthenticators: true}\nSession ID: c225683c0154a5f365201573a95a06a9\n*** Element info: {Using=id, value=RycXZyDiGsTXWtv}","time":{"start":1724944303429,"stop":1724944327553,"duration":24124}},{"uid":"2bc18d11e1f2ab46","status":"broken","statusDetails":"stale element reference: stale element not found in the current frame\n  (Session info: chrome=128.0.6613.113)\nFor documentation on this error, please visit: https://www.seleniumhq.org/exceptions/stale_element_reference.html\nBuild info: version: '3.141.59', revision: 'e82be7d358', time: '2018-11-14T08:17:03'\nSystem info: host: 'DESKTOP-TIC5DM4', ip: '172.20.0.59', os.name: 'Windows 10', os.arch: 'amd64', os.version: '10.0', java.version: '22.0.1'\nDriver info: org.openqa.selenium.chrome.ChromeDriver\nCapabilities {acceptInsecureCerts: false, browserName: chrome, browserVersion: 128.0.6613.113, chrome: {chromedriverVersion: 127.0.6533.88 (a2d0cb026721..., userDataDir: C:\\Windows\\SystemTemp\\scope...}, fedcm:accounts: true, goog:chromeOptions: {debuggerAddress: localhost:61933}, javascriptEnabled: true, networkConnectionEnabled: false, pageLoadStrategy: normal, platform: WINDOWS, platformName: WINDOWS, proxy: Proxy(), setWindowRect: true, strictFileInteractability: false, timeouts: {implicit: 0, pageLoad: 300000, script: 30000}, unhandledPromptBehavior: dismiss and notify, webauthn:extension:credBlob: true, webauthn:extension:largeBlob: true, webauthn:extension:minPinLength: true, webauthn:extension:prf: true, webauthn:virtualAuthenticators: true}\nSession ID: 2f6336f48f88de7eb98bca195254018a","time":{"start":1724944297535,"stop":1724944303216,"duration":5681}},{"uid":"12b61f917d85c278","status":"broken","statusDetails":"no such element: Unable to locate element: {\"method\":\"xpath\",\"selector\":\"//p[@placeholder='Press and hold']\"}\n  (Session info: chrome=128.0.6613.113)\nFor documentation on this error, please visit: https://www.seleniumhq.org/exceptions/no_such_element.html\nBuild info: version: '3.141.59', revision: 'e82be7d358', time: '2018-11-14T08:17:03'\nSystem info: host: 'DESKTOP-TIC5DM4', ip: '172.20.0.59', os.name: 'Windows 10', os.arch: 'amd64', os.version: '10.0', java.version: '22.0.1'\nDriver info: org.openqa.selenium.chrome.ChromeDriver\nCapabilities {acceptInsecureCerts: false, browserName: chrome, browserVersion: 128.0.6613.113, chrome: {chromedriverVersion: 127.0.6533.88 (a2d0cb026721..., userDataDir: C:\\Windows\\SystemTemp\\scope...}, fedcm:accounts: true, goog:chromeOptions: {debuggerAddress: localhost:61678}, javascriptEnabled: true, networkConnectionEnabled: false, pageLoadStrategy: normal, platform: WINDOWS, platformName: WINDOWS, proxy: Proxy(), setWindowRect: true, strictFileInteractability: false, timeouts: {implicit: 0, pageLoad: 300000, script: 30000}, unhandledPromptBehavior: dismiss and notify, webauthn:extension:credBlob: true, webauthn:extension:largeBlob: true, webauthn:extension:minPinLength: true, webauthn:extension:prf: true, webauthn:virtualAuthenticators: true}\nSession ID: 6f950e31536309b637182a96b874bb07\n*** Element info: {Using=xpath, value=//p[@placeholder='Press and hold']}","time":{"start":1724944103588,"stop":1724944126105,"duration":22517}},{"uid":"9537ce62a686fdee","status":"broken","statusDetails":"no such element: Unable to locate element: {\"method\":\"xpath\",\"selector\":\"//p[@placeholder='Press and hold']\"}\n  (Session info: chrome=128.0.6613.113)\nFor documentation on this error, please visit: https://www.seleniumhq.org/exceptions/no_such_element.html\nBuild info: version: '3.141.59', revision: 'e82be7d358', time: '2018-11-14T08:17:03'\nSystem info: host: 'DESKTOP-TIC5DM4', ip: '172.20.0.59', os.name: 'Windows 10', os.arch: 'amd64', os.version: '10.0', java.version: '22.0.1'\nDriver info: org.openqa.selenium.chrome.ChromeDriver\nCapabilities {acceptInsecureCerts: false, browserName: chrome, browserVersion: 128.0.6613.113, chrome: {chromedriverVersion: 127.0.6533.88 (a2d0cb026721..., userDataDir: C:\\Windows\\SystemTemp\\scope...}, fedcm:accounts: true, goog:chromeOptions: {debuggerAddress: localhost:61567}, javascriptEnabled: true, networkConnectionEnabled: false, pageLoadStrategy: normal, platform: WINDOWS, platformName: WINDOWS, proxy: Proxy(), setWindowRect: true, strictFileInteractability: false, timeouts: {implicit: 0, pageLoad: 300000, script: 30000}, unhandledPromptBehavior: dismiss and notify, webauthn:extension:credBlob: true, webauthn:extension:largeBlob: true, webauthn:extension:minPinLength: true, webauthn:extension:prf: true, webauthn:virtualAuthenticators: true}\nSession ID: 1f4f04ed3fe2b705551a0583dbb21304\n*** Element info: {Using=xpath, value=//p[@placeholder='Press and hold']}","time":{"start":1724944078606,"stop":1724944103425,"duration":24819}},{"uid":"7ecb4bec1b119347","status":"passed","time":{"start":1724943866240,"stop":1724943893530,"duration":27290}},{"uid":"9e3ed08a0de50f59","status":"passed","time":{"start":1724943841687,"stop":1724943866116,"duration":24429}},{"uid":"68b32fef278614a4","status":"broken","statusDetails":"stale element reference: stale element not found in the current frame\n  (Session info: chrome=128.0.6613.113)\nFor documentation on this error, please visit: https://www.seleniumhq.org/exceptions/stale_element_reference.html\nBuild info: version: '3.141.59', revision: 'e82be7d358', time: '2018-11-14T08:17:03'\nSystem info: host: 'DESKTOP-TIC5DM4', ip: '172.20.0.59', os.name: 'Windows 10', os.arch: 'amd64', os.version: '10.0', java.version: '22.0.1'\nDriver info: org.openqa.selenium.chrome.ChromeDriver\nCapabilities {acceptInsecureCerts: false, browserName: chrome, browserVersion: 128.0.6613.113, chrome: {chromedriverVersion: 127.0.6533.88 (a2d0cb026721..., userDataDir: C:\\Windows\\SystemTemp\\scope...}, fedcm:accounts: true, goog:chromeOptions: {debuggerAddress: localhost:61123}, javascriptEnabled: true, networkConnectionEnabled: false, pageLoadStrategy: normal, platform: WINDOWS, platformName: WINDOWS, proxy: Proxy(), setWindowRect: true, strictFileInteractability: false, timeouts: {implicit: 0, pageLoad: 300000, script: 30000}, unhandledPromptBehavior: dismiss and notify, webauthn:extension:credBlob: true, webauthn:extension:largeBlob: true, webauthn:extension:minPinLength: true, webauthn:extension:prf: true, webauthn:virtualAuthenticators: true}\nSession ID: 99572fb7c9553ea532fe31c3b0a0a03d","time":{"start":1724943810724,"stop":1724943817085,"duration":6361}},{"uid":"35871b79e0851937","status":"broken","statusDetails":"stale element reference: stale element not found in the current frame\n  (Session info: chrome=128.0.6613.113)\nFor documentation on this error, please visit: https://www.seleniumhq.org/exceptions/stale_element_reference.html\nBuild info: version: '3.141.59', revision: 'e82be7d358', time: '2018-11-14T08:17:03'\nSystem info: host: 'DESKTOP-TIC5DM4', ip: '172.20.0.59', os.name: 'Windows 10', os.arch: 'amd64', os.version: '10.0', java.version: '22.0.1'\nDriver info: org.openqa.selenium.chrome.ChromeDriver\nCapabilities {acceptInsecureCerts: false, browserName: chrome, browserVersion: 128.0.6613.113, chrome: {chromedriverVersion: 127.0.6533.88 (a2d0cb026721..., userDataDir: C:\\Windows\\SystemTemp\\scope...}, fedcm:accounts: true, goog:chromeOptions: {debuggerAddress: localhost:61063}, javascriptEnabled: true, networkConnectionEnabled: false, pageLoadStrategy: normal, platform: WINDOWS, platformName: WINDOWS, proxy: Proxy(), setWindowRect: true, strictFileInteractability: false, timeouts: {implicit: 0, pageLoad: 300000, script: 30000}, unhandledPromptBehavior: dismiss and notify, webauthn:extension:credBlob: true, webauthn:extension:largeBlob: true, webauthn:extension:minPinLength: true, webauthn:extension:prf: true, webauthn:virtualAuthenticators: true}\nSession ID: 43eb3c37ff1f9e61eb09179ed6b5b2bd","time":{"start":1724943804656,"stop":1724943810527,"duration":5871}},{"uid":"60a5c5488c7fb2d0","status":"passed","time":{"start":1724943750439,"stop":1724943778372,"duration":27933}},{"uid":"770574709007efa","status":"passed","time":{"start":1724943724702,"stop":1724943750315,"duration":25613}},{"uid":"57476d595f7744a8","status":"passed","time":{"start":1724943682689,"stop":1724943708221,"duration":25532}},{"uid":"a4b932af6bb74460","status":"passed","time":{"start":1724943656912,"stop":1724943682591,"duration":25679}},{"uid":"d03080bcd91de51e","status":"passed","time":{"start":1724943570585,"stop":1724943589911,"duration":19326}},{"uid":"dc87b595a2c359b7","status":"passed","time":{"start":1724943549983,"stop":1724943570489,"duration":20506}},{"uid":"1cf843f511613d9b","status":"broken","statusDetails":"stale element reference: stale element not found in the current frame\n  (Session info: chrome=128.0.6613.113)\nFor documentation on this error, please visit: https://www.seleniumhq.org/exceptions/stale_element_reference.html\nBuild info: version: '3.141.59', revision: 'e82be7d358', time: '2018-11-14T08:17:03'\nSystem info: host: 'DESKTOP-TIC5DM4', ip: '172.20.0.59', os.name: 'Windows 10', os.arch: 'amd64', os.version: '10.0', java.version: '22.0.1'\nDriver info: org.openqa.selenium.chrome.ChromeDriver\nCapabilities {acceptInsecureCerts: false, browserName: chrome, browserVersion: 128.0.6613.113, chrome: {chromedriverVersion: 127.0.6533.88 (a2d0cb026721..., userDataDir: C:\\Windows\\SystemTemp\\scope...}, fedcm:accounts: true, goog:chromeOptions: {debuggerAddress: localhost:60237}, javascriptEnabled: true, networkConnectionEnabled: false, pageLoadStrategy: normal, platform: WINDOWS, platformName: WINDOWS, proxy: Proxy(), setWindowRect: true, strictFileInteractability: false, timeouts: {implicit: 0, pageLoad: 300000, script: 30000}, unhandledPromptBehavior: dismiss and notify, webauthn:extension:credBlob: true, webauthn:extension:largeBlob: true, webauthn:extension:minPinLength: true, webauthn:extension:prf: true, webauthn:virtualAuthenticators: true}\nSession ID: 41e6810e199effc27ddbd206449532dd","time":{"start":1724943522428,"stop":1724943527462,"duration":5034}},{"uid":"7fb62ab403280631","status":"passed","time":{"start":1724943502622,"stop":1724943522325,"duration":19703}},{"uid":"fe2076b8b82665fe","status":"passed","time":{"start":1724942970853,"stop":1724942990226,"duration":19373}},{"uid":"a0c6ce0f983d65cb","status":"passed","time":{"start":1724942950144,"stop":1724942970734,"duration":20590}},{"uid":"11d3cf9dcc7b5ff5","status":"passed","time":{"start":1724942812318,"stop":1724942828687,"duration":16369}},{"uid":"befff2329ac8197e","status":"passed","time":{"start":1724942793764,"stop":1724942812204,"duration":18440}},{"uid":"a128457cc2ab0657","status":"passed","time":{"start":1724942597905,"stop":1724942611589,"duration":13684}},{"uid":"6fb4a8c311f5412b","status":"passed","time":{"start":1724942583785,"stop":1724942597798,"duration":14013}},{"uid":"a83016adf4f26f42","status":"passed","time":{"start":1724942547219,"stop":1724942560054,"duration":12835}},{"uid":"3619096b92670486","status":"passed","time":{"start":1724942533341,"stop":1724942547107,"duration":13766}},{"uid":"9e098c5743a16bd9","status":"passed","time":{"start":1724942497549,"stop":1724942507979,"duration":10430}},{"uid":"4a31e1cc9190da77","status":"passed","time":{"start":1724942484147,"stop":1724942497445,"duration":13298}},{"uid":"6102dcb800b02d9d","status":"passed","time":{"start":1724942421660,"stop":1724942433548,"duration":11888}},{"uid":"56825878fcbd557d","status":"passed","time":{"start":1724942409228,"stop":1724942421546,"duration":12318}},{"uid":"4d99b83d93037124","status":"passed","time":{"start":1724942023089,"stop":1724942032693,"duration":9604}},{"uid":"2dbf0ff41db48e0d","status":"passed","time":{"start":1724942010803,"stop":1724942022981,"duration":12178}},{"uid":"f5e41a62a2d8e110","status":"passed","time":{"start":1724940137960,"stop":1724940148163,"duration":10203}},{"uid":"bf38b3d90f4ccb85","status":"passed","time":{"start":1724940124673,"stop":1724940137839,"duration":13166}},{"uid":"d2157093e723f859","status":"passed","time":{"start":1724939969842,"stop":1724939980345,"duration":10503}},{"uid":"9e18d1631ecf7e","status":"passed","time":{"start":1724939958307,"stop":1724939969743,"duration":11436}},{"uid":"379423a666246db2","status":"passed","time":{"start":1724930213843,"stop":1724930224962,"duration":11119}},{"uid":"3405d2be0f2601f3","status":"passed","time":{"start":1724930201114,"stop":1724930213729,"duration":12615}},{"uid":"23d1cde26cc671bd","status":"broken","statusDetails":"stale element reference: stale element not found in the current frame\n  (Session info: chrome=128.0.6613.113)\nFor documentation on this error, please visit: https://www.seleniumhq.org/exceptions/stale_element_reference.html\nBuild info: version: '3.141.59', revision: 'e82be7d358', time: '2018-11-14T08:17:03'\nSystem info: host: 'DESKTOP-TIC5DM4', ip: '172.20.0.59', os.name: 'Windows 10', os.arch: 'amd64', os.version: '10.0', java.version: '22.0.1'\nDriver info: org.openqa.selenium.chrome.ChromeDriver\nCapabilities {acceptInsecureCerts: false, browserName: chrome, browserVersion: 128.0.6613.113, chrome: {chromedriverVersion: 127.0.6533.88 (a2d0cb026721..., userDataDir: C:\\Windows\\SystemTemp\\scope...}, fedcm:accounts: true, goog:chromeOptions: {debuggerAddress: localhost:51711}, javascriptEnabled: true, networkConnectionEnabled: false, pageLoadStrategy: normal, platform: WINDOWS, platformName: WINDOWS, proxy: Proxy(), setWindowRect: true, strictFileInteractability: false, timeouts: {implicit: 0, pageLoad: 300000, script: 30000}, unhandledPromptBehavior: dismiss and notify, webauthn:extension:credBlob: true, webauthn:extension:largeBlob: true, webauthn:extension:minPinLength: true, webauthn:extension:prf: true, webauthn:virtualAuthenticators: true}\nSession ID: 9c655af09446ee118162fee17eb67b88","time":{"start":1724930167798,"stop":1724930176093,"duration":8295}},{"uid":"5b5a79e46daa9afa","status":"broken","statusDetails":"stale element reference: stale element not found in the current frame\n  (Session info: chrome=128.0.6613.113)\nFor documentation on this error, please visit: https://www.seleniumhq.org/exceptions/stale_element_reference.html\nBuild info: version: '3.141.59', revision: 'e82be7d358', time: '2018-11-14T08:17:03'\nSystem info: host: 'DESKTOP-TIC5DM4', ip: '172.20.0.59', os.name: 'Windows 10', os.arch: 'amd64', os.version: '10.0', java.version: '22.0.1'\nDriver info: org.openqa.selenium.chrome.ChromeDriver\nCapabilities {acceptInsecureCerts: false, browserName: chrome, browserVersion: 128.0.6613.113, chrome: {chromedriverVersion: 127.0.6533.88 (a2d0cb026721..., userDataDir: C:\\Windows\\SystemTemp\\scope...}, fedcm:accounts: true, goog:chromeOptions: {debuggerAddress: localhost:51642}, javascriptEnabled: true, networkConnectionEnabled: false, pageLoadStrategy: normal, platform: WINDOWS, platformName: WINDOWS, proxy: Proxy(), setWindowRect: true, strictFileInteractability: false, timeouts: {implicit: 0, pageLoad: 300000, script: 30000}, unhandledPromptBehavior: dismiss and notify, webauthn:extension:credBlob: true, webauthn:extension:largeBlob: true, webauthn:extension:minPinLength: true, webauthn:extension:prf: true, webauthn:virtualAuthenticators: true}\nSession ID: 1a610b1233f4ab579ed0e4811a6307ea","time":{"start":1724930160054,"stop":1724930167496,"duration":7442}},{"uid":"3f6f78c976195c39","status":"broken","statusDetails":"element click intercepted: Element <a data-testid=\"header-sign-in-button\" aria-label=\"Sign in\" href=\"https://account.booking.com/auth/oauth2?client_id=vO1Kblk7xX9tUn2cpZLS&amp;redirect_uri=https%3A%2F%2Fsecure.booking.com%2Flogin.html%3Fop%3Doauth_return&amp;response_type=code&amp;lang=en-gb&amp;aid=304142&amp;bkng_action=index&amp;prompt=signin&amp;state=UpoDtFQWoPKSTktrtR-K7SweEk54DYVOQXjVENoBbkY5WUrjgoEXXN65QLQHPDwXibOpJnV9VjUHpHpcD6MM49M6ti1yZQWTHCWQmjN-gMNsvqgisNUNx2DqQHirmLk8AoDEBJBybhxPWfOtIKb9uxqC9mXJA2vNjpmbiBKTbJN0Lqg8ohHs-QOMNkUa4g5zCmKDl33yN4J3yZyD8hWXHJpazOLdcD0OBy7PzgHHm2cglIT7zQDWNuwY60TG67GEBCNeX0PuFQtsv13ctGMN0tmROtkX-nW5UOhieUMlgXEuNSvaD2N519y1etbfxJoMxSlFwssixcKY67fLbliDlEsWbMJdrTLwoI6RjNVenJAp5q5V7n5MUONvZfN1oQRE_Zb6-dOr0Oa823Fc6NWdKBhsUwht4iOj29NJAsKm6UOFSuf6zEbJtntwCFKD_6y8X79CdLo0W-R3UtYnNE0VZWIKXHHD91dyynMk7I7w4qPLS38NpEtCMpu0p-IMfKjzOTMXQfZp7UQon54y11rGwF0xVtNU-pkOZQ5orgQ%3D*eyJpZCI6InRyYXZlbGxlcl9oZWFkZXIifQ%3D%3D\" class=\"dba1b3bddf e99c25fd33 ea757ee64b a86bcdb87f ea220f5cdc js-header-login-link\">...</a> is not clickable at point (951, 36). Other element would receive the click: <div class=\"ab5581ebb7\">...</div>\n  (Session info: chrome=128.0.6613.113)\nBuild info: version: '3.141.59', revision: 'e82be7d358', time: '2018-11-14T08:17:03'\nSystem info: host: 'DESKTOP-TIC5DM4', ip: '172.20.0.59', os.name: 'Windows 10', os.arch: 'amd64', os.version: '10.0', java.version: '22.0.1'\nDriver info: org.openqa.selenium.chrome.ChromeDriver\nCapabilities {acceptInsecureCerts: false, browserName: chrome, browserVersion: 128.0.6613.113, chrome: {chromedriverVersion: 127.0.6533.88 (a2d0cb026721..., userDataDir: C:\\Windows\\SystemTemp\\scope...}, fedcm:accounts: true, goog:chromeOptions: {debuggerAddress: localhost:50048}, javascriptEnabled: true, networkConnectionEnabled: false, pageLoadStrategy: normal, platform: WINDOWS, platformName: WINDOWS, proxy: Proxy(), setWindowRect: true, strictFileInteractability: false, timeouts: {implicit: 0, pageLoad: 300000, script: 30000}, unhandledPromptBehavior: dismiss and notify, webauthn:extension:credBlob: true, webauthn:extension:largeBlob: true, webauthn:extension:minPinLength: true, webauthn:extension:prf: true, webauthn:virtualAuthenticators: true}\nSession ID: 50b5b43aa1a5abdb44c6aaf46205a166","time":{"start":1724927514875,"stop":1724927523025,"duration":8150}},{"uid":"98d6e0bf7e55470f","status":"passed","time":{"start":1724927502420,"stop":1724927514773,"duration":12353}},{"uid":"42e80389b6dd4ed5","status":"passed","time":{"start":1724926150860,"stop":1724926165032,"duration":14172}},{"uid":"27c6a4d900eb9cdd","status":"passed","time":{"start":1724926134924,"stop":1724926150745,"duration":15821}},{"uid":"4bf42d26a0c2a00f","status":"passed","time":{"start":1724926093814,"stop":1724926106921,"duration":13107}},{"uid":"7e81e017d52c4014","status":"broken","statusDetails":"stale element reference: stale element not found in the current frame\n  (Session info: chrome=128.0.6613.113)\nFor documentation on this error, please visit: https://www.seleniumhq.org/exceptions/stale_element_reference.html\nBuild info: version: '3.141.59', revision: 'e82be7d358', time: '2018-11-14T08:17:03'\nSystem info: host: 'DESKTOP-TIC5DM4', ip: '172.20.0.59', os.name: 'Windows 10', os.arch: 'x86', os.version: '10.0', java.version: '1.8.0_411'\nDriver info: org.openqa.selenium.chrome.ChromeDriver\nCapabilities {acceptInsecureCerts: false, browserName: chrome, browserVersion: 128.0.6613.113, chrome: {chromedriverVersion: 127.0.6533.88 (a2d0cb026721..., userDataDir: C:\\Windows\\SystemTemp\\scope...}, fedcm:accounts: true, goog:chromeOptions: {debuggerAddress: localhost:65189}, javascriptEnabled: true, networkConnectionEnabled: false, pageLoadStrategy: normal, platform: WINDOWS, platformName: WINDOWS, proxy: Proxy(), setWindowRect: true, strictFileInteractability: false, timeouts: {implicit: 0, pageLoad: 300000, script: 30000}, unhandledPromptBehavior: dismiss and notify, webauthn:extension:credBlob: true, webauthn:extension:largeBlob: true, webauthn:extension:minPinLength: true, webauthn:extension:prf: true, webauthn:virtualAuthenticators: true}\nSession ID: e7266066ab0cbfa9d1e9704636f96a19","time":{"start":1724926086144,"stop":1724926093613,"duration":7469}},{"uid":"1cfc812576eb9bd2","status":"passed","time":{"start":1724926045736,"stop":1724926058501,"duration":12765}},{"uid":"5d4c895c8a7f4eef","status":"passed","time":{"start":1724926027415,"stop":1724926045626,"duration":18211}},{"uid":"e55042d78576305f","status":"passed","time":{"start":1724925930899,"stop":1724925944243,"duration":13344}},{"uid":"dfbe41d3c6b0d30d","status":"passed","time":{"start":1724925916568,"stop":1724925930787,"duration":14219}},{"uid":"663f531beffb6adf","status":"broken","statusDetails":"Expected condition failed: waiting for element to be clickable: By.xpath: span[class='TKez1AxowpXXm_eCa_Bz'] (tried for 10 second(s) with 500 milliseconds interval)","time":{"start":1724925528327,"stop":1724925557486,"duration":29159}},{"uid":"20059db1b31704ae","status":"broken","statusDetails":"Expected condition failed: waiting for element to be clickable: By.xpath: span[class='TKez1AxowpXXm_eCa_Bz'] (tried for 10 second(s) with 500 milliseconds interval)","time":{"start":1724925501979,"stop":1724925528160,"duration":26181}},{"uid":"a2d89c99d43e95d1","status":"broken","statusDetails":"Expected condition failed: waiting for element to be clickable: By.xpath: span[class='TKez1AxowpXXm_eCa_Bz'] (tried for 10 second(s) with 500 milliseconds interval)","time":{"start":1724925456477,"stop":1724925477535,"duration":21058}},{"uid":"f477ff08287607ce","status":"broken","statusDetails":"element click intercepted: Element <a data-testid=\"header-sign-in-button\" aria-label=\"Sign in\" href=\"https://account.booking.com/auth/oauth2?client_id=vO1Kblk7xX9tUn2cpZLS&amp;redirect_uri=https%3A%2F%2Fsecure.booking.com%2Flogin.html%3Fop%3Doauth_return&amp;response_type=code&amp;lang=en-gb&amp;aid=304142&amp;bkng_action=index&amp;prompt=signin&amp;state=UpoDNCqpRi4DaFtqRAARTEPEz5WYtpqVmL5UPBfrke9wNXFk23AZH9dlqZ5Vy4HhhFa-ZrVl0geHhmwzeR6ZW15K3bcGDR0b941jVbyvajittGxNSXfXRKTxnmQnVLg1H_sanl3W3XEeBu3Dd2P6ldrKzV7uqRxs_fhl6D4Y_yRBEj_zQ3uX9BOwIV9G4gMGqkhjnPsosa4OmV-uP1f2EQ0fTLnj4kdEvYdmXUy702LFRbMHb4Ud_QZ6Xssd-kup78QUN1gyMUX-e5kcOHGrrFVkuw925dHAqehCzgLKGp4u5BcOnADdpetTsOzyVoeGkzVKL9QFkKYaBe1xH46hkgIPL25B1DHLlPwzA-squQiPmhNH0wmpMttEcfCAGM4nT9jx2BJ4WTcuoySv0JpZ6_hMnbIhi3vW0Aq7qqMu3XPvlv0zdUBCaIa8WUEjKlCxAD7_A7VBPCOVwKjoph34dHcaYmCIu2G8yrQbjKXKqYZBDIyc6TG9a_FxsQ7JC-iEAPyd6-2eenT2ALsgOnEJxcCr90Ptas155t3Ib4Y%3D*eyJpZCI6InRyYXZlbGxlcl9oZWFkZXIifQ%3D%3D\" class=\"dba1b3bddf e99c25fd33 ea757ee64b a86bcdb87f ea220f5cdc js-header-login-link\">...</a> is not clickable at point (951, 36). Other element would receive the click: <div class=\"ab5581ebb7\">...</div>\n  (Session info: chrome=128.0.6613.113)\nBuild info: version: '3.141.59', revision: 'e82be7d358', time: '2018-11-14T08:17:03'\nSystem info: host: 'DESKTOP-TIC5DM4', ip: '172.20.0.59', os.name: 'Windows 10', os.arch: 'x86', os.version: '10.0', java.version: '1.8.0_411'\nDriver info: org.openqa.selenium.chrome.ChromeDriver\nCapabilities {acceptInsecureCerts: false, browserName: chrome, browserVersion: 128.0.6613.113, chrome: {chromedriverVersion: 127.0.6533.88 (a2d0cb026721..., userDataDir: C:\\Windows\\SystemTemp\\scope...}, fedcm:accounts: true, goog:chromeOptions: {debuggerAddress: localhost:63825}, javascriptEnabled: true, networkConnectionEnabled: false, pageLoadStrategy: normal, platform: WINDOWS, platformName: WINDOWS, proxy: Proxy(), setWindowRect: true, strictFileInteractability: false, timeouts: {implicit: 0, pageLoad: 300000, script: 30000}, unhandledPromptBehavior: dismiss and notify, webauthn:extension:credBlob: true, webauthn:extension:largeBlob: true, webauthn:extension:minPinLength: true, webauthn:extension:prf: true, webauthn:virtualAuthenticators: true}\nSession ID: 97e46eaa7219f6eede6a8d12df54a387","time":{"start":1724925446104,"stop":1724925456356,"duration":10252}},{"uid":"1610837af51643e5","status":"broken","statusDetails":"stale element reference: stale element not found in the current frame\n  (Session info: chrome=128.0.6613.113)\nFor documentation on this error, please visit: https://www.seleniumhq.org/exceptions/stale_element_reference.html\nBuild info: version: '3.141.59', revision: 'e82be7d358', time: '2018-11-14T08:17:03'\nSystem info: host: 'DESKTOP-TIC5DM4', ip: '172.20.0.59', os.name: 'Windows 10', os.arch: 'x86', os.version: '10.0', java.version: '1.8.0_411'\nDriver info: org.openqa.selenium.chrome.ChromeDriver\nCapabilities {acceptInsecureCerts: false, browserName: chrome, browserVersion: 128.0.6613.113, chrome: {chromedriverVersion: 127.0.6533.88 (a2d0cb026721..., userDataDir: C:\\Windows\\SystemTemp\\scope...}, fedcm:accounts: true, goog:chromeOptions: {debuggerAddress: localhost:59482}, javascriptEnabled: true, networkConnectionEnabled: false, pageLoadStrategy: normal, platform: WINDOWS, platformName: WINDOWS, proxy: Proxy(), setWindowRect: true, strictFileInteractability: false, timeouts: {implicit: 0, pageLoad: 300000, script: 30000}, unhandledPromptBehavior: dismiss and notify, webauthn:extension:credBlob: true, webauthn:extension:largeBlob: true, webauthn:extension:minPinLength: true, webauthn:extension:prf: true, webauthn:virtualAuthenticators: true}\nSession ID: c21091f45407df4a82c8cc92aac63fb3","time":{"start":1724913133114,"stop":1724913140691,"duration":7577}},{"uid":"19933a22d36f4c26","status":"broken","statusDetails":"Expected condition failed: waiting for element to be clickable: By.xpath: span[class='TKez1AxowpXXm_eCa_Bz'] (tried for 10 second(s) with 500 milliseconds interval)","time":{"start":1724913110299,"stop":1724913133000,"duration":22701}},{"uid":"5de374566b7ff7a5","status":"broken","statusDetails":"Expected condition failed: waiting for element to be clickable: By.xpath: button[type='submit'] span[class='TKez1AxowpXXm_eCa_Bz'] (tried for 50 second(s) with 500 milliseconds interval)","time":{"start":1724913035811,"stop":1724913111502,"duration":75691}},{"uid":"ca2cbf931441198e","status":"broken","statusDetails":"Expected condition failed: waiting for element to be clickable: By.xpath: button[type='submit'] span[class='TKez1AxowpXXm_eCa_Bz'] (tried for 50 second(s) with 500 milliseconds interval)","time":{"start":1724912972937,"stop":1724913035703,"duration":62766}},{"uid":"f8df157b061d478b","status":"passed","time":{"start":1724908318792,"stop":1724908327984,"duration":9192}},{"uid":"524e544f71b67351","status":"passed","time":{"start":1724908308024,"stop":1724908318687,"duration":10663}},{"uid":"83c34eaace8a0e1","status":"broken","statusDetails":"element click intercepted: Element <a data-testid=\"header-sign-in-button\" aria-label=\"Sign in\" href=\"https://account.booking.com/auth/oauth2?client_id=vO1Kblk7xX9tUn2cpZLS&amp;redirect_uri=https%3A%2F%2Fsecure.booking.com%2Flogin.html%3Fop%3Doauth_return&amp;response_type=code&amp;lang=en-gb&amp;aid=304142&amp;bkng_action=index&amp;prompt=signin&amp;state=UpoDNCqpRi4DaFtdSUEiYoiwOugjSEpCGIpjxTB7sd8c2soFDV-Ci0ya4cLnpEytFSAx5r19YadYDU7Mqe8vd6SNTkC7O_5ChCEv4ek7D181QJ8AppC4ZsemtokYFT8pbey2uE3Q8RNPs5ib4FZ0jTt4wm32BTOdzHnC4PYRwrA1C-u8kmxQRiZe3jaHprkqkt5F5NxRaIqnpgluL2AxTFWg5XzGJu3fSfAyW88pspct60d59ACfZA0Y36YI4JaMbubf32_tfI2HFn6MW9C926P4T5QN-Wh6ix0ZhhEbMG5K0OdqLOzUI2XxK8Du44LdKnUtmvdFj1RtACTeaz6lSDc5dQUIIrUmCOVErgeMaeGEVp8STxspjagV7MVZbckSHHQ2B_VOt0jzsOn8UAxpWZ2NYJ3nfmvWtjXd3VizYYapF8LiTG1-5M_vnQgNAPMJFGXPL9gS4XUDRiiXYHHAqwSIuWB9DTwFc04byValBoRnaXHF2ATe_65mHpT1fd1F9W2dhE5yxmKSZiGe5jpD9yzS0aZC-sW_63Y68ns%3D*eyJpZCI6InRyYXZlbGxlcl9oZWFkZXIifQ%3D%3D\" class=\"dba1b3bddf e99c25fd33 ea757ee64b a86bcdb87f ea220f5cdc js-header-login-link\">...</a> is not clickable at point (951, 36). Other element would receive the click: <div class=\"ab5581ebb7\">...</div>\n  (Session info: chrome=128.0.6613.113)\nBuild info: version: '3.141.59', revision: 'e82be7d358', time: '2018-11-14T08:17:03'\nSystem info: host: 'DESKTOP-TIC5DM4', ip: '172.20.0.59', os.name: 'Windows 10', os.arch: 'amd64', os.version: '10.0', java.version: '22.0.1'\nDriver info: org.openqa.selenium.chrome.ChromeDriver\nCapabilities {acceptInsecureCerts: false, browserName: chrome, browserVersion: 128.0.6613.113, chrome: {chromedriverVersion: 127.0.6533.88 (a2d0cb026721..., userDataDir: C:\\Windows\\SystemTemp\\scope...}, fedcm:accounts: true, goog:chromeOptions: {debuggerAddress: localhost:55065}, javascriptEnabled: true, networkConnectionEnabled: false, pageLoadStrategy: normal, platform: WINDOWS, platformName: WINDOWS, proxy: Proxy(), setWindowRect: true, strictFileInteractability: false, timeouts: {implicit: 0, pageLoad: 300000, script: 30000}, unhandledPromptBehavior: dismiss and notify, webauthn:extension:credBlob: true, webauthn:extension:largeBlob: true, webauthn:extension:minPinLength: true, webauthn:extension:prf: true, webauthn:virtualAuthenticators: true}\nSession ID: 8e543216c82b530d297bfcf7d9e54c08","time":{"start":1724908272041,"stop":1724908280049,"duration":8008}},{"uid":"e0d012be71b54bcc","status":"passed","time":{"start":1724908261360,"stop":1724908271917,"duration":10557}},{"uid":"e07f72c837cee71d","status":"passed","time":{"start":1724908190695,"stop":1724908201254,"duration":10559}},{"uid":"19374116b01bb2d7","status":"broken","statusDetails":"stale element reference: stale element not found in the current frame\n  (Session info: chrome=128.0.6613.113)\nFor documentation on this error, please visit: https://www.seleniumhq.org/exceptions/stale_element_reference.html\nBuild info: version: '3.141.59', revision: 'e82be7d358', time: '2018-11-14T08:17:03'\nSystem info: host: 'DESKTOP-TIC5DM4', ip: '172.20.0.59', os.name: 'Windows 10', os.arch: 'amd64', os.version: '10.0', java.version: '22.0.1'\nDriver info: org.openqa.selenium.chrome.ChromeDriver\nCapabilities {acceptInsecureCerts: false, browserName: chrome, browserVersion: 128.0.6613.113, chrome: {chromedriverVersion: 127.0.6533.88 (a2d0cb026721..., userDataDir: C:\\Windows\\SystemTemp\\scope...}, fedcm:accounts: true, goog:chromeOptions: {debuggerAddress: localhost:54753}, javascriptEnabled: true, networkConnectionEnabled: false, pageLoadStrategy: normal, platform: WINDOWS, platformName: WINDOWS, proxy: Proxy(), setWindowRect: true, strictFileInteractability: false, timeouts: {implicit: 0, pageLoad: 300000, script: 30000}, unhandledPromptBehavior: dismiss and notify, webauthn:extension:credBlob: true, webauthn:extension:largeBlob: true, webauthn:extension:minPinLength: true, webauthn:extension:prf: true, webauthn:virtualAuthenticators: true}\nSession ID: 810e173d48672ff562dba0d3a1ec705b","time":{"start":1724908184146,"stop":1724908190438,"duration":6292}},{"uid":"838cedcb15b7849e","status":"broken","statusDetails":"Expected condition failed: waiting for element to be clickable: By.xpath: //button[@type='submit'][2] (tried for 10 second(s) with 500 milliseconds interval)","time":{"start":1724908087249,"stop":1724908107969,"duration":20720}},{"uid":"c2f3c2fab4a320be","status":"broken","statusDetails":"Expected condition failed: waiting for element to be clickable: By.xpath: //button[@type='submit'][2] (tried for 10 second(s) with 500 milliseconds interval)","time":{"start":1724908067183,"stop":1724908087156,"duration":19973}},{"uid":"d9369f3e0c8528d7","status":"passed","time":{"start":1724906733727,"stop":1724906744943,"duration":11216}},{"uid":"6999e619f519ed2e","status":"passed","time":{"start":1724906721844,"stop":1724906733638,"duration":11794}},{"uid":"5f9af51f06c8484b","status":"passed","time":{"start":1724906622028,"stop":1724906634133,"duration":12105}},{"uid":"54a660bacb34dce7","status":"broken","statusDetails":"stale element reference: stale element not found in the current frame\n  (Session info: chrome=128.0.6613.113)\nFor documentation on this error, please visit: https://www.seleniumhq.org/exceptions/stale_element_reference.html\nBuild info: version: '3.141.59', revision: 'e82be7d358', time: '2018-11-14T08:17:03'\nSystem info: host: 'DESKTOP-TIC5DM4', ip: '172.20.0.59', os.name: 'Windows 10', os.arch: 'amd64', os.version: '10.0', java.version: '22.0.2'\nDriver info: org.openqa.selenium.chrome.ChromeDriver\nCapabilities {acceptInsecureCerts: false, browserName: chrome, browserVersion: 128.0.6613.113, chrome: {chromedriverVersion: 127.0.6533.88 (a2d0cb026721..., userDataDir: C:\\Windows\\SystemTemp\\scope...}, fedcm:accounts: true, goog:chromeOptions: {debuggerAddress: localhost:53637}, javascriptEnabled: true, networkConnectionEnabled: false, pageLoadStrategy: normal, platform: WINDOWS, platformName: WINDOWS, proxy: Proxy(), setWindowRect: true, strictFileInteractability: false, timeouts: {implicit: 0, pageLoad: 300000, script: 30000}, unhandledPromptBehavior: dismiss and notify, webauthn:extension:credBlob: true, webauthn:extension:largeBlob: true, webauthn:extension:minPinLength: true, webauthn:extension:prf: true, webauthn:virtualAuthenticators: true}\nSession ID: a970652bce5a97dcb058249363685b5b","time":{"start":1724906616359,"stop":1724906621860,"duration":5501}},{"uid":"b3663e895b2d034c","status":"passed","time":{"start":1724906412557,"stop":1724906423452,"duration":10895}},{"uid":"5886b8151242cb7b","status":"passed","time":{"start":1724906400094,"stop":1724906412466,"duration":12372}},{"uid":"6b152fe785eccb84","status":"passed","time":{"start":1724906218203,"stop":1724906228978,"duration":10775}},{"uid":"dd7cebc4eba67909","status":"passed","time":{"start":1724906201513,"stop":1724906218110,"duration":16597}},{"uid":"70caa85e74422b01","status":"broken","statusDetails":"no such element: Unable to locate element: {\"method\":\"xpath\",\"selector\":\"//input[@placeholder='Enter your password']\"}\n  (Session info: chrome=128.0.6613.113)\nFor documentation on this error, please visit: https://www.seleniumhq.org/exceptions/no_such_element.html\nBuild info: version: '3.141.59', revision: 'e82be7d358', time: '2018-11-14T08:17:03'\nSystem info: host: 'DESKTOP-TIC5DM4', ip: '172.20.0.59', os.name: 'Windows 10', os.arch: 'amd64', os.version: '10.0', java.version: '22.0.2'\nDriver info: org.openqa.selenium.chrome.ChromeDriver\nCapabilities {acceptInsecureCerts: false, browserName: chrome, browserVersion: 128.0.6613.113, chrome: {chromedriverVersion: 127.0.6533.88 (a2d0cb026721..., userDataDir: C:\\Windows\\SystemTemp\\scope...}, fedcm:accounts: true, goog:chromeOptions: {debuggerAddress: localhost:52887}, javascriptEnabled: true, networkConnectionEnabled: false, pageLoadStrategy: normal, platform: WINDOWS, platformName: WINDOWS, proxy: Proxy(), setWindowRect: true, strictFileInteractability: false, timeouts: {implicit: 0, pageLoad: 300000, script: 30000}, unhandledPromptBehavior: dismiss and notify, webauthn:extension:credBlob: true, webauthn:extension:largeBlob: true, webauthn:extension:minPinLength: true, webauthn:extension:prf: true, webauthn:virtualAuthenticators: true}\nSession ID: 70e7de6d50ebd37a004ee94fa6d4b6cc\n*** Element info: {Using=xpath, value=//input[@placeholder='Enter your password']}","time":{"start":1724906128361,"stop":1724906136403,"duration":8042}},{"uid":"490e438450009aa","status":"broken","statusDetails":"no such element: Unable to locate element: {\"method\":\"xpath\",\"selector\":\"//input[@placeholder='Enter your password']\"}\n  (Session info: chrome=128.0.6613.113)\nFor documentation on this error, please visit: https://www.seleniumhq.org/exceptions/no_such_element.html\nBuild info: version: '3.141.59', revision: 'e82be7d358', time: '2018-11-14T08:17:03'\nSystem info: host: 'DESKTOP-TIC5DM4', ip: '172.20.0.59', os.name: 'Windows 10', os.arch: 'amd64', os.version: '10.0', java.version: '22.0.2'\nDriver info: org.openqa.selenium.chrome.ChromeDriver\nCapabilities {acceptInsecureCerts: false, browserName: chrome, browserVersion: 128.0.6613.113, chrome: {chromedriverVersion: 127.0.6533.88 (a2d0cb026721..., userDataDir: C:\\Windows\\SystemTemp\\scope...}, fedcm:accounts: true, goog:chromeOptions: {debuggerAddress: localhost:52785}, javascriptEnabled: true, networkConnectionEnabled: false, pageLoadStrategy: normal, platform: WINDOWS, platformName: WINDOWS, proxy: Proxy(), setWindowRect: true, strictFileInteractability: false, timeouts: {implicit: 0, pageLoad: 300000, script: 30000}, unhandledPromptBehavior: dismiss and notify, webauthn:extension:credBlob: true, webauthn:extension:largeBlob: true, webauthn:extension:minPinLength: true, webauthn:extension:prf: true, webauthn:virtualAuthenticators: true}\nSession ID: f45755d3752e20f148f7020d5789c033\n*** Element info: {Using=xpath, value=//input[@placeholder='Enter your password']}","time":{"start":1724906119121,"stop":1724906128230,"duration":9109}},{"uid":"26104639042778a4","status":"broken","statusDetails":"no such element: Unable to locate element: {\"method\":\"xpath\",\"selector\":\"//input[@id='password']\"}\n  (Session info: chrome=128.0.6613.113)\nFor documentation on this error, please visit: https://www.seleniumhq.org/exceptions/no_such_element.html\nBuild info: version: '3.141.59', revision: 'e82be7d358', time: '2018-11-14T08:17:03'\nSystem info: host: 'DESKTOP-TIC5DM4', ip: '172.20.0.59', os.name: 'Windows 10', os.arch: 'amd64', os.version: '10.0', java.version: '22.0.2'\nDriver info: org.openqa.selenium.chrome.ChromeDriver\nCapabilities {acceptInsecureCerts: false, browserName: chrome, browserVersion: 128.0.6613.113, chrome: {chromedriverVersion: 127.0.6533.88 (a2d0cb026721..., userDataDir: C:\\Windows\\SystemTemp\\scope...}, fedcm:accounts: true, goog:chromeOptions: {debuggerAddress: localhost:52571}, javascriptEnabled: true, networkConnectionEnabled: false, pageLoadStrategy: normal, platform: WINDOWS, platformName: WINDOWS, proxy: Proxy(), setWindowRect: true, strictFileInteractability: false, timeouts: {implicit: 0, pageLoad: 300000, script: 30000}, unhandledPromptBehavior: dismiss and notify, webauthn:extension:credBlob: true, webauthn:extension:largeBlob: true, webauthn:extension:minPinLength: true, webauthn:extension:prf: true, webauthn:virtualAuthenticators: true}\nSession ID: 4f51deb9c11117055883671f54915aa4\n*** Element info: {Using=xpath, value=//input[@id='password']}","time":{"start":1724905929274,"stop":1724905936027,"duration":6753}},{"uid":"5325ab5e2b21db15","status":"broken","statusDetails":"no such element: Unable to locate element: {\"method\":\"xpath\",\"selector\":\"//input[@id='password']\"}\n  (Session info: chrome=128.0.6613.113)\nFor documentation on this error, please visit: https://www.seleniumhq.org/exceptions/no_such_element.html\nBuild info: version: '3.141.59', revision: 'e82be7d358', time: '2018-11-14T08:17:03'\nSystem info: host: 'DESKTOP-TIC5DM4', ip: '172.20.0.59', os.name: 'Windows 10', os.arch: 'amd64', os.version: '10.0', java.version: '22.0.2'\nDriver info: org.openqa.selenium.chrome.ChromeDriver\nCapabilities {acceptInsecureCerts: false, browserName: chrome, browserVersion: 128.0.6613.113, chrome: {chromedriverVersion: 127.0.6533.88 (a2d0cb026721..., userDataDir: C:\\Windows\\SystemTemp\\scope...}, fedcm:accounts: true, goog:chromeOptions: {debuggerAddress: localhost:52501}, javascriptEnabled: true, networkConnectionEnabled: false, pageLoadStrategy: normal, platform: WINDOWS, platformName: WINDOWS, proxy: Proxy(), setWindowRect: true, strictFileInteractability: false, timeouts: {implicit: 0, pageLoad: 300000, script: 30000}, unhandledPromptBehavior: dismiss and notify, webauthn:extension:credBlob: true, webauthn:extension:largeBlob: true, webauthn:extension:minPinLength: true, webauthn:extension:prf: true, webauthn:virtualAuthenticators: true}\nSession ID: 9f1c5edc1333687b94c2292dd2843f5f\n*** Element info: {Using=xpath, value=//input[@id='password']}","time":{"start":1724905921524,"stop":1724905929141,"duration":7617}},{"uid":"6b51c6f671b58e0b","status":"broken","statusDetails":"no such element: Unable to locate element: {\"method\":\"xpath\",\"selector\":\"//input[@id='password']\"}\n  (Session info: chrome=128.0.6613.113)\nFor documentation on this error, please visit: https://www.seleniumhq.org/exceptions/no_such_element.html\nBuild info: version: '3.141.59', revision: 'e82be7d358', time: '2018-11-14T08:17:03'\nSystem info: host: 'DESKTOP-TIC5DM4', ip: '172.20.0.59', os.name: 'Windows 10', os.arch: 'amd64', os.version: '10.0', java.version: '22.0.2'\nDriver info: org.openqa.selenium.chrome.ChromeDriver\nCapabilities {acceptInsecureCerts: false, browserName: chrome, browserVersion: 128.0.6613.113, chrome: {chromedriverVersion: 127.0.6533.88 (a2d0cb026721..., userDataDir: C:\\Windows\\SystemTemp\\scope...}, fedcm:accounts: true, goog:chromeOptions: {debuggerAddress: localhost:52340}, javascriptEnabled: true, networkConnectionEnabled: false, pageLoadStrategy: normal, platform: WINDOWS, platformName: WINDOWS, proxy: Proxy(), setWindowRect: true, strictFileInteractability: false, timeouts: {implicit: 0, pageLoad: 300000, script: 30000}, unhandledPromptBehavior: dismiss and notify, webauthn:extension:credBlob: true, webauthn:extension:largeBlob: true, webauthn:extension:minPinLength: true, webauthn:extension:prf: true, webauthn:virtualAuthenticators: true}\nSession ID: 5ade0ed047a4a3c5d6f62fa9ac9ee86e\n*** Element info: {Using=xpath, value=//input[@id='password']}","time":{"start":1724905832227,"stop":1724905839171,"duration":6944}},{"uid":"948257370bfaeae6","status":"broken","statusDetails":"no such element: Unable to locate element: {\"method\":\"xpath\",\"selector\":\"//input[@id='password']\"}\n  (Session info: chrome=128.0.6613.113)\nFor documentation on this error, please visit: https://www.seleniumhq.org/exceptions/no_such_element.html\nBuild info: version: '3.141.59', revision: 'e82be7d358', time: '2018-11-14T08:17:03'\nSystem info: host: 'DESKTOP-TIC5DM4', ip: '172.20.0.59', os.name: 'Windows 10', os.arch: 'amd64', os.version: '10.0', java.version: '22.0.2'\nDriver info: org.openqa.selenium.chrome.ChromeDriver\nCapabilities {acceptInsecureCerts: false, browserName: chrome, browserVersion: 128.0.6613.113, chrome: {chromedriverVersion: 127.0.6533.88 (a2d0cb026721..., userDataDir: C:\\Windows\\SystemTemp\\scope...}, fedcm:accounts: true, goog:chromeOptions: {debuggerAddress: localhost:52263}, javascriptEnabled: true, networkConnectionEnabled: false, pageLoadStrategy: normal, platform: WINDOWS, platformName: WINDOWS, proxy: Proxy(), setWindowRect: true, strictFileInteractability: false, timeouts: {implicit: 0, pageLoad: 300000, script: 30000}, unhandledPromptBehavior: dismiss and notify, webauthn:extension:credBlob: true, webauthn:extension:largeBlob: true, webauthn:extension:minPinLength: true, webauthn:extension:prf: true, webauthn:virtualAuthenticators: true}\nSession ID: d67a3502de6f4c4f1e1dce5749f8b17f\n*** Element info: {Using=xpath, value=//input[@id='password']}","time":{"start":1724905824818,"stop":1724905832107,"duration":7289}},{"uid":"88e3264cf5a94467","status":"broken","statusDetails":"java.net.ConnectException: Failed to connect to localhost/[0:0:0:0:0:0:0:1]:12278\nBuild info: version: '3.141.59', revision: 'e82be7d358', time: '2018-11-14T08:17:03'\nSystem info: host: 'DESKTOP-TIC5DM4', ip: '172.20.0.59', os.name: 'Windows 10', os.arch: 'amd64', os.version: '10.0', java.version: '22.0.2'\nDriver info: driver.version: RemoteWebDriver","time":{"start":1724905706703,"stop":1724905718674,"duration":11971}},{"uid":"af6f1256b5788fd0","status":"broken","statusDetails":"element click intercepted: Element <a data-testid=\"header-sign-in-button\" aria-label=\"Sign in\" href=\"https://account.booking.com/auth/oauth2?client_id=vO1Kblk7xX9tUn2cpZLS&amp;redirect_uri=https%3A%2F%2Fsecure.booking.com%2Flogin.html%3Fop%3Doauth_return&amp;response_type=code&amp;lang=en-gb&amp;aid=304142&amp;bkng_action=index&amp;prompt=signin&amp;state=UpoDNCqpRi4DaFvZT_0hbzJkqtUNvN3D5lHfyrmuD0pzfYFQb8_IZDA3ZmbP6rzrOmin3EAOWJiGEIGydAjker7GTJbTB3ti0JPAI0DdhWC3DyYP4vtqj2Bpam6ZKnz0T_YfGi06S9FK0auJmA2A7dM6B3Gu5Qx7d4PKQoOVG3KScQP22R2Bi-g3QcuZJljLubVAw2ZxC1xEJs2PU569BwyW91gbKsa8YP6lFIpIct8zWN5waI9-NhFEsWBVPSeBB7CkcRk5bfea940SCoAX8xC8RSo3pWeqMVGMeMrwm2AhN-1fQNYORBe-_YSlVJB8XJlomN4pDIHXgwR8MKj4zecN9lu8rieOBw-_DH44M-gUVvMuBAZoxou7lBY1eSM2kfubzHo77O9h7088x4lb4wCXKUC0flinRehb5mCgpTP_xhyaCkEsOtgztZ4YQQ7YTtQpCENh-wKO96YLZSDpikr3sfUTNKLgSoOjKENh5T0kGwhPKM_cFRt_5TQ-mGkKgVSQks5fFD8mpwIq-sE7D0SrWKwQ_5XYnYtFPO0%3D*eyJpZCI6InRyYXZlbGxlcl9oZWFkZXIifQ%3D%3D\" class=\"dba1b3bddf e99c25fd33 ea757ee64b a86bcdb87f ea220f5cdc js-header-login-link\">...</a> is not clickable at point (951, 36). Other element would receive the click: <div class=\"ab5581ebb7\">...</div>\n  (Session info: chrome=128.0.6613.113)\nBuild info: version: '3.141.59', revision: 'e82be7d358', time: '2018-11-14T08:17:03'\nSystem info: host: 'DESKTOP-TIC5DM4', ip: '172.20.0.59', os.name: 'Windows 10', os.arch: 'amd64', os.version: '10.0', java.version: '22.0.2'\nDriver info: org.openqa.selenium.chrome.ChromeDriver\nCapabilities {acceptInsecureCerts: false, browserName: chrome, browserVersion: 128.0.6613.113, chrome: {chromedriverVersion: 127.0.6533.88 (a2d0cb026721..., userDataDir: C:\\Windows\\SystemTemp\\scope...}, fedcm:accounts: true, goog:chromeOptions: {debuggerAddress: localhost:52056}, javascriptEnabled: true, networkConnectionEnabled: false, pageLoadStrategy: normal, platform: WINDOWS, platformName: WINDOWS, proxy: Proxy(), setWindowRect: true, strictFileInteractability: false, timeouts: {implicit: 0, pageLoad: 300000, script: 30000}, unhandledPromptBehavior: dismiss and notify, webauthn:extension:credBlob: true, webauthn:extension:largeBlob: true, webauthn:extension:minPinLength: true, webauthn:extension:prf: true, webauthn:virtualAuthenticators: true}\nSession ID: 2d6b425409fcdf6f6934c6bf50c7b9ec","time":{"start":1724905694803,"stop":1724905706563,"duration":11760}},{"uid":"9c858795590d959f","status":"broken","statusDetails":"java.lang.NullPointerException","time":{"start":1724904517027,"stop":1724904521522,"duration":4495}},{"uid":"4b970d672e54d328","status":"broken","statusDetails":"java.lang.NullPointerException","time":{"start":1724904512156,"stop":1724904516859,"duration":4703}},{"uid":"ef6944d15ad2dfdd","status":"broken","statusDetails":"java.lang.NullPointerException","time":{"start":1724904365537,"stop":1724904369549,"duration":4012}},{"uid":"639bdf7866eaee9b","status":"broken","statusDetails":"java.lang.NullPointerException","time":{"start":1724904360559,"stop":1724904365421,"duration":4862}},{"uid":"ba90a42d33a82d9e","status":"broken","statusDetails":"java.lang.NullPointerException","time":{"start":1724903694621,"stop":1724903694633,"duration":12}},{"uid":"fa7d42779a1b991","status":"broken","statusDetails":"java.lang.NullPointerException","time":{"start":1724903694267,"stop":1724903694511,"duration":244}},{"uid":"8db74a43ec2b01a6","status":"broken","statusDetails":"Failed to instantiate class com.App.Testcases.loginTestCases","time":{"start":1724903464843,"stop":1724903464856,"duration":13}},{"uid":"cfe38c16aba0b854","status":"broken","statusDetails":"Failed to instantiate class com.App.Testcases.loginTestCases","time":{"start":1724903464524,"stop":1724903464750,"duration":226}},{"uid":"b8b5f044321130fd","status":"broken","statusDetails":"Failed to instantiate class com.App.Testcases.loginTestCases","time":{"start":1724903343555,"stop":1724903343566,"duration":11}},{"uid":"9d4c48d9d62b7151","status":"broken","statusDetails":"Failed to instantiate class com.App.Testcases.loginTestCases","time":{"start":1724903343232,"stop":1724903343453,"duration":221}},{"uid":"b336a18cb05fbe2a","status":"broken","statusDetails":"Failed to instantiate class com.App.Testcases.loginTestCases","time":{"start":1724903261805,"stop":1724903261816,"duration":11}},{"uid":"d31248a56b8fc856","status":"broken","statusDetails":"Failed to instantiate class com.App.Testcases.loginTestCases","time":{"start":1724903261485,"stop":1724903261701,"duration":216}},{"uid":"ec472682bf830c44","status":"passed","time":{"start":1724903220998,"stop":1724903221005,"duration":7}},{"uid":"9b2d35f052f03312","status":"passed","time":{"start":1724903220699,"stop":1724903220902,"duration":203}},{"uid":"520097b1ded76dbb","status":"broken","statusDetails":"Failed to instantiate class com.App.Testcases.loginTestCases","time":{"start":1724903167462,"stop":1724903167472,"duration":10}},{"uid":"9455bc766c52068a","status":"broken","statusDetails":"Failed to instantiate class com.App.Testcases.loginTestCases","time":{"start":1724903167132,"stop":1724903167364,"duration":232}},{"uid":"e21cec4689ba6ab8","status":"broken","statusDetails":"Failed to instantiate class com.App.Testcases.loginTestCases","time":{"start":1724902626901,"stop":1724902626915,"duration":14}},{"uid":"ef5953cd6a61bfef","status":"broken","statusDetails":"Failed to instantiate class com.App.Testcases.loginTestCases","time":{"start":1724902626554,"stop":1724902626787,"duration":233}},{"uid":"b6eb83bafec922b","status":"broken","statusDetails":"Failed to instantiate class com.App.Testcases.loginTestCases","time":{"start":1724902467827,"stop":1724902467836,"duration":9}},{"uid":"39bee5b01f72d2e5","status":"broken","statusDetails":"Failed to instantiate class com.App.Testcases.loginTestCases","time":{"start":1724902467489,"stop":1724902467739,"duration":250}},{"uid":"96f5236251396e06","status":"broken","statusDetails":"Failed to instantiate class com.App.Testcases.loginTestCases","time":{"start":1724901032843,"stop":1724901033110,"duration":267}},{"uid":"d6403ba78c2e4a46","status":"broken","statusDetails":"Failed to instantiate class com.App.Testcases.loginTestCases","time":{"start":1724900936983,"stop":1724900937234,"duration":251}},{"uid":"3660857778c72095","status":"broken","statusDetails":"Failed to instantiate class com.App.Testcases.loginTestCases","time":{"start":1724899976303,"stop":1724899976519,"duration":216}}],"categories":[{"name":"Test defects","matchedStatuses":[],"flaky":false}],"tags":[]},"source":"13e328e0e0b3a534.json","parameterValues":["\"login with valid crdentials\"","\"Optional[Login With multiple Data]\""]}