{"uuid":"268251f9-efae-4735-9c9e-dd54853d2746","historyId":"a631ff7d5fb30f5ec6a5e453bd7f21cd","fullName":"Register and signIn into the Application: Trying to register and sign into the account","labels":[{"name":"tag","value":"Register"},{"name":"host","value":"DESKTOP-TIC5DM4"},{"name":"thread","value":"48588@DESKTOP-TIC5DM4.main(1)"},{"name":"feature","value":"Register and signIn into the Application"},{"name":"story","value":"Trying to register and sign into the account"},{"name":"suite","value":"Register and signIn into the Application"},{"name":"testClass","value":"Trying to register and sign into the account"},{"name":"framework","value":"cucumber6jvm"},{"name":"language","value":"java"},{"name":"gherkin_uri","value":"file:///C:/Users/Administrator/eclipse-workspace/BookingProject/src/test/resources/features/Register.feature"},{"name":"package","value":"src.test.resources.features.Register_feature.Register and signIn into the Application"}],"links":[],"name":"Trying to register and sign into the account","status":"broken","statusDetails":{"known":false,"muted":false,"flaky":false,"message":"The driver executable does not exist: C:\\Users\\Administrator\\eclipse-workspace\\BookingProject\\chromedriver.exe","trace":"java.lang.IllegalStateException: The driver executable does not exist: C:\\Users\\Administrator\\eclipse-workspace\\BookingProject\\chromedriver.exe\r\n\tat com.google.common.base.Preconditions.checkState(Preconditions.java:585)\r\n\tat org.openqa.selenium.remote.service.DriverService.checkExecutable(DriverService.java:146)\r\n\tat org.openqa.selenium.remote.service.DriverService.findExecutable(DriverService.java:141)\r\n\tat org.openqa.selenium.chrome.ChromeDriverService.access$000(ChromeDriverService.java:35)\r\n\tat org.openqa.selenium.chrome.ChromeDriverService$Builder.findDefaultExecutable(ChromeDriverService.java:159)\r\n\tat org.openqa.selenium.remote.service.DriverService$Builder.build(DriverService.java:355)\r\n\tat org.openqa.selenium.chrome.ChromeDriverService.createDefaultService(ChromeDriverService.java:94)\r\n\tat org.openqa.selenium.chrome.ChromeDriver.<init>(ChromeDriver.java:123)\r\n\tat com.App.Testcases.registerTestCase.user_on_the_Home_Pagee(registerTestCase.java:24)\r\n\tat ✽.User on the Home Pagee(file:///C:/Users/Administrator/eclipse-workspace/BookingProject/src/test/resources/features/Register.feature:4)\r\n"},"stage":"finished","steps":[{"name":"Given  User on the Home Pagee","status":"broken","statusDetails":{"known":false,"muted":false,"flaky":false,"message":"The driver executable does not exist: C:\\Users\\Administrator\\eclipse-workspace\\BookingProject\\chromedriver.exe","trace":"java.lang.IllegalStateException: The driver executable does not exist: C:\\Users\\Administrator\\eclipse-workspace\\BookingProject\\chromedriver.exe\r\n\tat com.google.common.base.Preconditions.checkState(Preconditions.java:585)\r\n\tat org.openqa.selenium.remote.service.DriverService.checkExecutable(DriverService.java:146)\r\n\tat org.openqa.selenium.remote.service.DriverService.findExecutable(DriverService.java:141)\r\n\tat org.openqa.selenium.chrome.ChromeDriverService.access$000(ChromeDriverService.java:35)\r\n\tat org.openqa.selenium.chrome.ChromeDriverService$Builder.findDefaultExecutable(ChromeDriverService.java:159)\r\n\tat org.openqa.selenium.remote.service.DriverService$Builder.build(DriverService.java:355)\r\n\tat org.openqa.selenium.chrome.ChromeDriverService.createDefaultService(ChromeDriverService.java:94)\r\n\tat org.openqa.selenium.chrome.ChromeDriver.<init>(ChromeDriver.java:123)\r\n\tat com.App.Testcases.registerTestCase.user_on_the_Home_Pagee(registerTestCase.java:24)\r\n\tat ✽.User on the Home Pagee(file:///C:/Users/Administrator/eclipse-workspace/BookingProject/src/test/resources/features/Register.feature:4)\r\n"},"stage":"finished","steps":[],"attachments":[],"parameters":[],"start":1724861921321,"stop":1724861921327},{"name":"When  he enters \"t2@yopmail.com\" and \"Assm@786\" and \"Assm@786\"","status":"skipped","statusDetails":{"known":false,"muted":false,"flaky":false},"stage":"finished","steps":[],"attachments":[],"parameters":[],"start":1724861921331,"stop":1724861921332},{"name":"Then  user receives the Confirmation mail to user mail ID","status":"skipped","statusDetails":{"known":false,"muted":false,"flaky":false},"stage":"finished","steps":[],"attachments":[],"parameters":[],"start":1724861921334,"stop":1724861921335}],"attachments":[],"parameters":[{"name":"email","value":"t2@yopmail.com"},{"name":"password","value":"Assm@786"},{"name":"Cpassword","value":"Assm@786"}],"start":1724861921319,"stop":1724861921337}