<?xml version="1.0" encoding="UTF-8"?>
<!-- Generated by org.testng.reporters.JUnitXMLReporter -->
<testsuite hostname="DESKTOP-TIC5DM4" failures="1" tests="1" name="Test1" time="9.607" errors="0" timestamp="22 Aug 2024 06:58:51 GMT">
  <testcase classname="package1.tc1" name="f on [tc1 passed=0 failed=0 skipped=0]" time="9.384">
    <failure type="java.lang.AssertionError" message="expected [Demo Web Shop] but found [Demo]">
      <![CDATA[java.lang.AssertionError: expected [Demo Web Shop] but found [Demo]
	at package1.tc1.f(tc1.java:19)
... Removed 27 stack frames]]>
    </failure>
  </testcase> <!-- f on [tc1 passed=0 failed=0 skipped=0] -->
</testsuite> <!-- Test1 -->
