{"uuid":"3cff9c5b-7b54-4bf4-954d-a663478acdb5","historyId":"871c91b9d5f85448874a5f731d583f12","fullName":"Login with multiple values: login with different values","labels":[{"name":"tag","value":"multiple"},{"name":"host","value":"DESKTOP-TIC5DM4"},{"name":"thread","value":"58904@DESKTOP-TIC5DM4.main(1)"},{"name":"feature","value":"Login with multiple values"},{"name":"story","value":"login with different values"},{"name":"suite","value":"Login with multiple values"},{"name":"testClass","value":"login with different values"},{"name":"framework","value":"cucumber6jvm"},{"name":"language","value":"java"},{"name":"gherkin_uri","value":"file:///C:/Users/Administrator/eclipse-workspace/Cucumber_DemoWebshop/src/test/resources/features/login.feature"},{"name":"package","value":"src.test.resources.features.login_feature.Login with multiple values"}],"links":[],"name":"login with different values","status":"failed","statusDetails":{"known":false,"muted":false,"flaky":false,"message":"Login Failed expected [https://demowebshop.tricentis.com/login] but found [https://demowebshop.tricentis.com/]","trace":"java.lang.AssertionError: Login Failed expected [https://demowebshop.tricentis.com/login] but found [https://demowebshop.tricentis.com/]\r\n\tat org.testng.Assert.fail(Assert.java:97)\r\n\tat org.testng.Assert.assertEqualsImpl(Assert.java:136)\r\n\tat org.testng.Assert.assertEquals(Assert.java:118)\r\n\tat org.testng.Assert.assertEquals(Assert.java:575)\r\n\tat com.App.Testcases.loginTestCase.he_enters_and(loginTestCase.java:40)\r\n\tat ✽.he enters \"pathanasifkhan461@gmail.com\" and \"Assm@7866\"(file:///C:/Users/Administrator/eclipse-workspace/Cucumber_DemoWebshop/src/test/resources/features/login.feature:6)\r\n"},"stage":"finished","steps":[{"name":"Given  the user is in the login page with multiple data","status":"passed","statusDetails":{"known":false,"muted":false,"flaky":false},"stage":"finished","steps":[],"attachments":[],"parameters":[],"start":1724744893714,"stop":1724744898065},{"name":"When  he enters \"pathanasifkhan461@gmail.com\" and \"Assm@7866\"","status":"failed","statusDetails":{"known":false,"muted":false,"flaky":false,"message":"Login Failed expected [https://demowebshop.tricentis.com/login] but found [https://demowebshop.tricentis.com/]","trace":"java.lang.AssertionError: Login Failed expected [https://demowebshop.tricentis.com/login] but found [https://demowebshop.tricentis.com/]\r\n\tat org.testng.Assert.fail(Assert.java:97)\r\n\tat org.testng.Assert.assertEqualsImpl(Assert.java:136)\r\n\tat org.testng.Assert.assertEquals(Assert.java:118)\r\n\tat org.testng.Assert.assertEquals(Assert.java:575)\r\n\tat com.App.Testcases.loginTestCase.he_enters_and(loginTestCase.java:40)\r\n\tat ✽.he enters \"pathanasifkhan461@gmail.com\" and \"Assm@7866\"(file:///C:/Users/Administrator/eclipse-workspace/Cucumber_DemoWebshop/src/test/resources/features/login.feature:6)\r\n"},"stage":"finished","steps":[],"attachments":[],"parameters":[],"start":1724744898066,"stop":1724744904062},{"name":"Then  he reaches the HOME Page for every input","status":"skipped","statusDetails":{"known":false,"muted":false,"flaky":false},"stage":"finished","steps":[],"attachments":[],"parameters":[],"start":1724744904064,"stop":1724744904065}],"attachments":[],"parameters":[{"name":"email","value":"pathanasifkhan461@gmail.com"},{"name":"password","value":"Assm@7866"}],"start":1724744893713,"stop":1724744904065}